2019-03-05_13:30:12 - :tmi.twitch.tv 001 deweybat :Welcome, GLHF!
:tmi.twitch.tv 002 deweybat :Your host is tmi.twitch.tv
:tmi.twitch.tv 003 deweybat :This server is rather new
:tmi.twitch.tv 004 deweybat :-
:tmi.twitch.tv 375 deweybat :-
:tmi.twitch.tv 372 deweybat :You are in a maze of twisty passages, all alike.
:tmi.twitch.tv 376 deweybat :>

2019-03-05_13:30:12 - :deweybat!deweybat@deweybat.tmi.twitch.tv JOIN #castro_1021
:deweybat.tmi.twitch.tv 353 deweybat = #castro_1021 :deweybat
:deweybat.tmi.twitch.tv 366 deweybat #castro_1021 :End of /NAMES list
:theartofseduction!theartofseduction@theartofseduction.tmi.twitch.tv PRIVMSG #castro_1021 :top lad

2019-03-05_13:30:14 - :moobot!moobot@moobot.tmi.twitch.tv PRIVMSG #castro_1021 :Thank you for subbing, brephicfecundat twerkLove twerkLove twerkLove!!! Enjoy this emote: twerkChoke

2019-03-05_13:30:14 - :pwessels!pwessels@pwessels.tmi.twitch.tv PRIVMSG #castro_1021 :what's the time where Castro is?

2019-03-05_13:30:15 - :dylanplaysark!dylanplaysark@dylanplaysark.tmi.twitch.tv PRIVMSG #castro_1021 :twerkNuke twerkNuke twerkNuke twerkNuke twerkNuke twerkNuke

2019-03-05_13:30:15 - :jakeguilding1!jakeguilding1@jakeguilding1.tmi.twitch.tv PRIVMSG #castro_1021 :Cardiff players

2019-03-05_13:30:15 - :alexng1!alexng1@alexng1.tmi.twitch.tv PRIVMSG #castro_1021 :twerkLETSGO twerkLETSGO twerkLETSGO

2019-03-05_13:30:18 - :notapaathy!notapaathy@notapaathy.tmi.twitch.tv PRIVMSG #castro_1021 :twerkTune

2019-03-05_13:30:20 - :fpn_gunni!fpn_gunni@fpn_gunni.tmi.twitch.tv PRIVMSG #castro_1021 :AdamB is 12

2019-03-05_13:30:20 - :zoobzzz!zoobzzz@zoobzzz.tmi.twitch.tv PRIVMSG #castro_1021 :!time pwessels

2019-03-05_13:30:20 - :ctewart96!ctewart96@ctewart96.tmi.twitch.tv PRIVMSG #castro_1021 :twerkGG

2019-03-05_13:30:21 - :nightbot!nightbot@nightbot.tmi.twitch.tv PRIVMSG #castro_1021 :March 5th 2019, 12:30:20 pm CST GMT-06:00

2019-03-05_13:30:21 - :doomking666!doomking666@doomking666.tmi.twitch.tv PRIVMSG #castro_1021 :get beck to blond

2019-03-05_13:30:21 - :lagantoise!lagantoise@lagantoise.tmi.twitch.tv PRIVMSG #castro_1021 :twerkGoat twerkGoat twerkGoat stuff

2019-03-05_13:30:22 - :my_mom_has_18_inch!my_mom_has_18_inch@my_mom_has_18_inch.tmi.twitch.tv PRIVMSG #castro_1021 :I wish I got paid to watch you Kappa

2019-03-05_13:30:23 - :bigwhite__!bigwhite__@bigwhite__.tmi.twitch.tv PRIVMSG #castro_1021 :give him a raise

2019-03-05_13:30:24 - :musshyy!musshyy@musshyy.tmi.twitch.tv PRIVMSG #castro_1021 :1$/Hour

2019-03-05_13:30:26 - :nepalizlatan!nepalizlatan@nepalizlatan.tmi.twitch.tv PRIVMSG #castro_1021 :20k silver discarded rip

2019-03-05_13:30:26 - :batinatv!batinatv@batinatv.tmi.twitch.tv PRIVMSG #castro_1021 :You are on the RTG @Castro_1021

2019-03-05_13:30:28 - :chinjaredhs!chinjaredhs@chinjaredhs.tmi.twitch.tv PRIVMSG #castro_1021 :Lul

2019-03-05_13:30:28 - :zammo_77!zammo_77@zammo_77.tmi.twitch.tv PRIVMSG #castro_1021 :Good job adam

2019-03-05_13:30:28 - :sdmikecfc!sdmikecfc@sdmikecfc.tmi.twitch.tv PRIVMSG #castro_1021 :no draft tokens?

2019-03-05_13:30:30 - :pwessels!pwessels@pwessels.tmi.twitch.tv PRIVMSG #castro_1021 :!time

2019-03-05_13:30:30 - :ethangroat!ethangroat@ethangroat.tmi.twitch.tv PRIVMSG #castro_1021 :twerkMug + messiahPosh = twerkGoat

2019-03-05_13:30:32 - :dylanplaysark!dylanplaysark@dylanplaysark.tmi.twitch.tv PRIVMSG #castro_1021 :twerkSmart twerkSmart twerkSmart twerkSmart twerkSmart

2019-03-05_13:30:34 - :loeza_96!loeza_96@loeza_96.tmi.twitch.tv PRIVMSG #castro_1021 :Rip 20k discard

2019-03-05_13:30:35 - :alex15551!alex15551@alex15551.tmi.twitch.tv PRIVMSG #castro_1021 :4222?

2019-03-05_13:30:43 - :stickan03!stickan03@stickan03.tmi.twitch.tv PRIVMSG #castro_1021 :423142314231423134321313

2019-03-05_13:30:44 - :moobot!moobot@moobot.tmi.twitch.tv PRIVMSG #castro_1021 :SUBSCRIBE YOU GOAT! http://www.twitch.tv/castro_1021/subscribe?ref=below_video_subscribe_button twerkGoat

2019-03-05_13:30:51 - :brephicfecundat!brephicfecundat@brephicfecundat.tmi.twitch.tv PRIVMSG #castro_1021 :Can you please stop discarding silvers that are worth like 18k

2019-03-05_13:30:53 - :janhh2033!janhh2033@janhh2033.tmi.twitch.tv PRIVMSG #castro_1021 :"almost" twerkOMEGA

2019-03-05_13:30:53 - :pcoutinho42!pcoutinho42@pcoutinho42.tmi.twitch.tv PRIVMSG #castro_1021 :disarced 20K

2019-03-05_13:30:56 - :pcoutinho42!pcoutinho42@pcoutinho42.tmi.twitch.tv PRIVMSG #castro_1021 :smh

2019-03-05_13:31:05 - :maxxap1!maxxap1@maxxap1.tmi.twitch.tv PRIVMSG #castro_1021 :4222 best formation

2019-03-05_13:31:09 - :millerdave21!millerdave21@millerdave21.tmi.twitch.tv PRIVMSG #castro_1021 :Facecam

2019-03-05_13:31:09 - :moobot!moobot@moobot.tmi.twitch.tv PRIVMSG #castro_1021 :“CASTRO” FOR 10% OFF ON GFUEL! twerkCup https://bit.ly/2nd7Pqq Castro’s Favorites: https://bit.ly/2PV5myM twerkCup

2019-03-05_13:31:12 - :darknightrulz!darknightrulz@darknightrulz.tmi.twitch.tv PRIVMSG #castro_1021 :twerkGoat twerkGoat twerkGoat twerkGoat

2019-03-05_13:31:17 - :loeza_96!loeza_96@loeza_96.tmi.twitch.tv PRIVMSG #castro_1021 :Smh

2019-03-05_13:31:18 - :muhtada_bayern28!muhtada_bayern28@muhtada_bayern28.tmi.twitch.tv PRIVMSG #castro_1021 :discard 20 k

2019-03-05_13:31:26 - :stunellx11!stunellx11@stunellx11.tmi.twitch.tv PRIVMSG #castro_1021 :i juat ppCKED SSHIT

2019-03-05_13:31:26 - :millerdave21!millerdave21@millerdave21.tmi.twitch.tv PRIVMSG #castro_1021 :@youngollie u in here bro?

2019-03-05_13:31:27 - :minimaster956!minimaster956@minimaster956.tmi.twitch.tv PRIVMSG #castro_1021 :twerkToxic twerkToxic twerkToxic twerkToxic twerkToxic twerkToxic twerkToxic twerkToxic twerkToxic twerkToxic twerkToxic twerkToxic twerkToxic twerkToxic twerkToxic

2019-03-05_13:31:28 - :jeevan_singh08!jeevan_singh08@jeevan_singh08.tmi.twitch.tv PRIVMSG #castro_1021 :ADAMB NEEDS A RAISE

2019-03-05_13:31:28 - :igolden_99!igolden_99@igolden_99.tmi.twitch.tv PRIVMSG #castro_1021 :hu

2019-03-05_13:31:29 - :loeza_96!loeza_96@loeza_96.tmi.twitch.tv PRIVMSG #castro_1021 :Rip silver 20k

2019-03-05_13:31:30 - :benj31!benj31@benj31.tmi.twitch.tv PRIVMSG #castro_1021 :discard 20k twerkGG twerkGG twerkGG twerkGG

2019-03-05_13:31:33 - :hannieman14!hannieman14@hannieman14.tmi.twitch.tv PRIVMSG #castro_1021 :You mist my sub @castro_1021

2019-03-05_13:31:37 - :fpn_gunni!fpn_gunni@fpn_gunni.tmi.twitch.tv PRIVMSG #castro_1021 :Silver

2019-03-05_13:31:41 - :minimaster956!minimaster956@minimaster956.tmi.twitch.tv PRIVMSG #castro_1021 :#

2019-03-05_13:31:44 - :sonnic2002!sonnic2002@sonnic2002.tmi.twitch.tv PRIVMSG #castro_1021 :rtg

2019-03-05_13:31:44 - :slebbysn1pa30!slebbysn1pa30@slebbysn1pa30.tmi.twitch.tv PRIVMSG #castro_1021 :Lmfao

2019-03-05_13:31:44 - :moobot!moobot@moobot.tmi.twitch.tv PRIVMSG #castro_1021 :SUBSCRIBE YOU GOAT! http://www.twitch.tv/castro_1021/subscribe?ref=below_video_subscribe_button twerkGoat

2019-03-05_13:31:47 - :batinatv!batinatv@batinatv.tmi.twitch.tv PRIVMSG #castro_1021 :23k

2019-03-05_13:31:53 - :ivoryhorse88!ivoryhorse88@ivoryhorse88.tmi.twitch.tv PRIVMSG #castro_1021 :they got banned in US

2019-03-05_13:31:59 - :stunellx11!stunellx11@stunellx11.tmi.twitch.tv PRIVMSG #castro_1021 :I OPENED 6 AND GOT SHIT

2019-03-05_13:32:02 - :minimaster956!minimaster956@minimaster956.tmi.twitch.tv PRIVMSG #castro_1021 :twerkToxic twerkToxic twerkToxic twerkToxic twerkToxic twerkToxic twerkToxic twerkToxic twerkToxic twerkToxic twerkToxic twerkToxic twerkToxic twerkToxic twerkToxic twerkToxic twerkToxic twerkToxic twerkToxic twerkToxic twerkToxic twerkToxic twerkToxic twerkToxic twerkToxic

2019-03-05_13:32:03 - :7seven7s!7seven7s@7seven7s.tmi.twitch.tv PRIVMSG #castro_1021 :EA of all companies doesn't want you to spend money LUL

2019-03-05_13:32:04 - :asso204!asso204@asso204.tmi.twitch.tv PRIVMSG #castro_1021 :U logged in primary on the main coount

2019-03-05_13:32:04 - :darknightrulz!darknightrulz@darknightrulz.tmi.twitch.tv PRIVMSG #castro_1021 :rigged

2019-03-05_13:32:06 - :theartofseduction!theartofseduction@theartofseduction.tmi.twitch.tv PRIVMSG #castro_1021 :it knows your addicted twerkSure

2019-03-05_13:32:11 - :ethangroat!ethangroat@ethangroat.tmi.twitch.tv PRIVMSG #castro_1021 :@Castro_1021 DMs

2019-03-05_13:32:11 - :moobot!moobot@moobot.tmi.twitch.tv PRIVMSG #castro_1021 :CHEAP MSP/PSN CARDS & PC GAMES - https://www.g2a.com/r/castro1021 and USE 'CASTRO' for CASHBACK!

2019-03-05_13:32:15 - :friskypanda_562!friskypanda_562@friskypanda_562.tmi.twitch.tv PRIVMSG #castro_1021 :Achiva las Rivas

2019-03-05_13:32:19 - :zammo_77!zammo_77@zammo_77.tmi.twitch.tv PRIVMSG #castro_1021 :Fbi

2019-03-05_13:32:28 - :jporter706!jporter706@jporter706.tmi.twitch.tv PRIVMSG #castro_1021 :@castro_1021 you need to quick sell the Liverpool players in your club. That's your problem

2019-03-05_13:32:29 - :neemz20!neemz20@neemz20.tmi.twitch.tv PRIVMSG #castro_1021 :I love how people thinks he cares about 20k omega lul

2019-03-05_13:32:29 - :ethangroat!ethangroat@ethangroat.tmi.twitch.tv PRIVMSG #castro_1021 :@Castro_1021 Restart Fifa, start it up on that account. It will let you add points

2019-03-05_13:32:38 - :loveklatt!loveklatt@loveklatt.tmi.twitch.tv PRIVMSG #castro_1021 :72

2019-03-05_13:32:41 - :wilanator14!wilanator14@wilanator14.tmi.twitch.tv PRIVMSG #castro_1021 :like 75 yesterday

2019-03-05_13:32:42 - :chris24ny!chris24ny@chris24ny.tmi.twitch.tv PRIVMSG #castro_1021 :Who won ?

2019-03-05_13:32:42 - :aravindtheking007!aravindtheking007@aravindtheking007.tmi.twitch.tv PRIVMSG #castro_1021 :65

2019-03-05_13:32:43 - :3mma!3mma@3mma.tmi.twitch.tv PRIVMSG #castro_1021 :What came out at 6?

2019-03-05_13:32:46 - :alexng1!alexng1@alexng1.tmi.twitch.tv PRIVMSG #castro_1021 :78

2019-03-05_13:32:47 - :moobot!moobot@moobot.tmi.twitch.tv PRIVMSG #castro_1021 :SUBSCRIBE YOU GOAT! http://www.twitch.tv/castro_1021/subscribe?ref=below_video_subscribe_button twerkGoat

2019-03-05_13:32:47 - :millerdave21!millerdave21@millerdave21.tmi.twitch.tv PRIVMSG #castro_1021 :Move facecam for draft plesse

2019-03-05_13:32:48 - :pwessels!pwessels@pwessels.tmi.twitch.tv PRIVMSG #castro_1021 :what Ethan said

2019-03-05_13:32:48 - :quahlityyy!quahlityyy@quahlityyy.tmi.twitch.tv PRIVMSG #castro_1021 :88

2019-03-05_13:32:52 - :doomking666!doomking666@doomking666.tmi.twitch.tv PRIVMSG #castro_1021 :u do lik 50 losses

2019-03-05_13:33:06 - :quahlityyy!quahlityyy@quahlityyy.tmi.twitch.tv PRIVMSG #castro_1021 :u had 88

2019-03-05_13:33:06 - :jackowacko833!jackowacko833@jackowacko833.tmi.twitch.tv PRIVMSG #castro_1021 :@Castro_1021 why did you wait for all the good players to leave packs?

2019-03-05_13:33:07 - :coull100!coull100@coull100.tmi.twitch.tv PRIVMSG #castro_1021 :Back out

2019-03-05_13:33:08 - :oualidd!oualidd@oualidd.tmi.twitch.tv PRIVMSG #castro_1021 :343

2019-03-05_13:33:10 - :yfn_player!yfn_player@yfn_player.tmi.twitch.tv PRIVMSG #castro_1021 :Night gang

2019-03-05_13:33:16 - :lil_jcd!lil_jcd@lil_jcd.tmi.twitch.tv PRIVMSG #castro_1021 :UCL upgrade

2019-03-05_13:33:16 - :moobot!moobot@moobot.tmi.twitch.tv PRIVMSG #castro_1021 :SUBSCRIBE FOR FREE USING TWITCH PRIME!! twerkSup https://twitch.amazon.com/prime

2019-03-05_13:33:19 - :oualidd!oualidd@oualidd.tmi.twitch.tv PRIVMSG #castro_1021 :ney

2019-03-05_13:33:20 - :ethangroat!ethangroat@ethangroat.tmi.twitch.tv PRIVMSG #castro_1021 :@Castro_1021 Restart Fifa, start it up on that account. It will let you add points

2019-03-05_13:33:23 - :geoffbaker4!geoffbaker4@geoffbaker4.tmi.twitch.tv PRIVMSG #castro_1021 :vl/l

2019-03-05_13:33:23 - :horizonsun__!horizonsun__@horizonsun__.tmi.twitch.tv PRIVMSG #castro_1021 :KANE

2019-03-05_13:33:26 - :3mma!3mma@3mma.tmi.twitch.tv PRIVMSG #castro_1021 :Ok thanks castro

2019-03-05_13:33:27 - :cevie61!cevie61@cevie61.tmi.twitch.tv PRIVMSG #castro_1021 :rigged

2019-03-05_13:33:27 - :streiks97!streiks97@streiks97.tmi.twitch.tv PRIVMSG #castro_1021 :neymar this time

2019-03-05_13:33:28 - :sebbe2704!sebbe2704@sebbe2704.tmi.twitch.tv PRIVMSG #castro_1021 :neymar lol

2019-03-05_13:33:28 - :colbyspencerhasweakbones!colbyspencerhasweakbones@colbyspencerhasweakbones.tmi.twitch.tv PRIVMSG #castro_1021 :james

2019-03-05_13:33:30 - :danrtous!danrtous@danrtous.tmi.twitch.tv PRIVMSG #castro_1021 :KANE

2019-03-05_13:33:36 - :slickslothh!slickslothh@slickslothh.tmi.twitch.tv PRIVMSG #castro_1021 :HENRY. CURSE

2019-03-05_13:33:38 - :jweb174!jweb174@jweb174.tmi.twitch.tv PRIVMSG #castro_1021 :LUL

2019-03-05_13:33:39 - :zabbourino!zabbourino@zabbourino.tmi.twitch.tv PRIVMSG #castro_1021 :rip

2019-03-05_13:33:42 - :captainnevnev!captainnevnev@captainnevnev.tmi.twitch.tv PRIVMSG #castro_1021 :RESTART

2019-03-05_13:33:47 - :pcoutinho42!pcoutinho42@pcoutinho42.tmi.twitch.tv PRIVMSG #castro_1021 :50 mil

2019-03-05_13:33:48 - :moobot!moobot@moobot.tmi.twitch.tv PRIVMSG #castro_1021 :SUBSCRIBE YOU GOAT! http://www.twitch.tv/castro_1021/subscribe?ref=below_video_subscribe_button twerkGoat

2019-03-05_13:33:50 - :sooolah!sooolah@sooolah.tmi.twitch.tv PRIVMSG #castro_1021 :Hello castro and Hi chat twerkHey twerkHey twerkHey twerkHey

2019-03-05_13:33:51 - :darknightrulz!darknightrulz@darknightrulz.tmi.twitch.tv PRIVMSG #castro_1021 :no henry

2019-03-05_13:33:51 - :pcoutinho42!pcoutinho42@pcoutinho42.tmi.twitch.tv PRIVMSG #castro_1021 :down teh drain

2019-03-05_13:33:52 - :youngethanfox!youngethanfox@youngethanfox.tmi.twitch.tv PRIVMSG #castro_1021 :Restart

2019-03-05_13:33:52 - :dawood_97!dawood_97@dawood_97.tmi.twitch.tv PRIVMSG #castro_1021 :50 MILL DOWN THE DRAIN

2019-03-05_13:33:55 - :wilanator14!wilanator14@wilanator14.tmi.twitch.tv PRIVMSG #castro_1021 :oh dear

2019-03-05_13:33:57 - :beastplayer26!beastplayer26@beastplayer26.tmi.twitch.tv PRIVMSG #castro_1021 :twerkCheeks twerkCheeks twerkCheeks

2019-03-05_13:33:59 - :g3clarkey!g3clarkey@g3clarkey.tmi.twitch.tv PRIVMSG #castro_1021 :cringe

2019-03-05_13:33:59 - :dawood_97!dawood_97@dawood_97.tmi.twitch.tv PRIVMSG #castro_1021 :AS TONY MARTIAL SCORES AGAIN

2019-03-05_13:33:59 - :cappo40!cappo40@cappo40.tmi.twitch.tv PRIVMSG #castro_1021 :TONY MARSHALL STILLCRAP AGAIN

2019-03-05_13:34:00 - :jweb174!jweb174@jweb174.tmi.twitch.tv PRIVMSG #castro_1021 :this is twerkPoo

2019-03-05_13:34:04 - :marcost77!marcost77@marcost77.tmi.twitch.tv PRIVMSG #castro_1021 :Restart

2019-03-05_13:34:04 - :asn21!asn21@asn21.tmi.twitch.tv PRIVMSG #castro_1021 :whats happening pogba

2019-03-05_13:34:04 - :abcdefghijklmnopqrddd!abcdefghijklmnopqrddd@abcdefghijklmnopqrddd.tmi.twitch.tv PRIVMSG #castro_1021 :n28RESET n28RESET n28RESET n28RESET n28RESET n28RESET n28RESET n28RESET n28RESET n28RESET n28RESET n28RESET n28RESET n28RESET n28RESET n28RESET

2019-03-05_13:34:06 - :mcfcjacob174!mcfcjacob174@mcfcjacob174.tmi.twitch.tv PRIVMSG #castro_1021 :Ok

2019-03-05_13:34:07 - :amorotto_90!amorotto_90@amorotto_90.tmi.twitch.tv PRIVMSG #castro_1021 :does castro play his games?

2019-03-05_13:34:09 - :ersinozii!ersinozii@ersinozii.tmi.twitch.tv PRIVMSG #castro_1021 :Castro looking like a goth girl LUL
:wilanator14!wilanator14@wilanator14.tmi.twitch.tv PRIVMSG #castro_1021 :AMERICANS
:jackowacko833!jackowacko833@jackowacko833.tmi.twitch.tv PRIVMSG #castro_1021 :lol

2019-03-05_13:34:10 - :johanbrunila!johanbrunila@johanbrunila.tmi.twitch.tv PRIVMSG #castro_1021 :twerkWut

2019-03-05_13:34:12 - :thebananaman101!thebananaman101@thebananaman101.tmi.twitch.tv PRIVMSG #castro_1021 :chuboi

2019-03-05_13:34:16 - :streiks97!streiks97@streiks97.tmi.twitch.tv PRIVMSG #castro_1021 :they nerfed fut drafts LUL

2019-03-05_13:34:18 - :zoobzzz!zoobzzz@zoobzzz.tmi.twitch.tv PRIVMSG #castro_1021 :Cappo40 cant even spell his name LUL

2019-03-05_13:34:19 - :murfie_!murfie_@murfie_.tmi.twitch.tv PRIVMSG #castro_1021 :CHAT are there any promo packs?

2019-03-05_13:34:19 - :moobot!moobot@moobot.tmi.twitch.tv PRIVMSG #castro_1021 :Castro Has Been Live For 1h 24m

2019-03-05_13:34:23 - :youngethanfox!youngethanfox@youngethanfox.tmi.twitch.tv PRIVMSG #castro_1021 :Just ur drafts

2019-03-05_13:34:23 - :ersinozii!ersinozii@ersinozii.tmi.twitch.tv PRIVMSG #castro_1021 :BIG VIRG

2019-03-05_13:34:26 - :benj31!benj31@benj31.tmi.twitch.tv PRIVMSG #castro_1021 :liverpool <3

2019-03-05_13:34:27 - :lil_jcd!lil_jcd@lil_jcd.tmi.twitch.tv PRIVMSG #castro_1021 :LIVERSHITE

2019-03-05_13:34:28 - :vini_santoss!vini_santoss@vini_santoss.tmi.twitch.tv PRIVMSG #castro_1021 :liverPOOL OMEGALUL

2019-03-05_13:34:29 - :syncsnipezytz!syncsnipezytz@syncsnipezytz.tmi.twitch.tv PRIVMSG #castro_1021 :15k down the drain as castro fails once again nananananananananananananan

2019-03-05_13:34:29 - :greenboy247!greenboy247@greenboy247.tmi.twitch.tv PRIVMSG #castro_1021 :liverpool curse

2019-03-05_13:34:29 - :eccerzz!eccerzz@eccerzz.tmi.twitch.tv PRIVMSG #castro_1021 :YEEEEs

2019-03-05_13:34:30 - :millerdave21!millerdave21@millerdave21.tmi.twitch.tv PRIVMSG #castro_1021 :@murfie_ no

2019-03-05_13:34:31 - :razzah_!razzah_@razzah_.tmi.twitch.tv PRIVMSG #castro_1021 :LIVERPOOL

2019-03-05_13:34:33 - :cleaven_909!cleaven_909@cleaven_909.tmi.twitch.tv PRIVMSG #castro_1021 :lul

2019-03-05_13:34:34 - :strawbzgamer!strawbzgamer@strawbzgamer.tmi.twitch.tv PRIVMSG #castro_1021 :wow #

2019-03-05_13:34:36 - :frank21501!frank21501@frank21501.tmi.twitch.tv PRIVMSG #castro_1021 :LIVERPOOL CURSE

2019-03-05_13:34:36 - :calcov2003!calcov2003@calcov2003.tmi.twitch.tv PRIVMSG #castro_1021 :CURSE RIP

2019-03-05_13:34:37 - :biggestsavage123!biggestsavage123@biggestsavage123.tmi.twitch.tv PRIVMSG #castro_1021 :Finally

2019-03-05_13:34:38 - :castillo_1022!castillo_1022@castillo_1022.tmi.twitch.tv PRIVMSG #castro_1021 :Called it

2019-03-05_13:34:39 - :cappo40!cappo40@cappo40.tmi.twitch.tv PRIVMSG #castro_1021 :@Zoobzzz GOTTA MAKE HIM ENGLISH LAD.

2019-03-05_13:34:40 - :murfie_!murfie_@murfie_.tmi.twitch.tv PRIVMSG #castro_1021 :thanls @millerdave21

2019-03-05_13:34:40 - :ethangroat!ethangroat@ethangroat.tmi.twitch.tv PRIVMSG #castro_1021 :Liverpool curse F

2019-03-05_13:34:41 - :coffee_dick!coffee_dick@coffee_dick.tmi.twitch.tv PRIVMSG #castro_1021 :Liver pool luck aye

2019-03-05_13:34:43 - :jweb174!jweb174@jweb174.tmi.twitch.tv PRIVMSG #castro_1021 :nah

2019-03-05_13:34:43 - :ersinozii!ersinozii@ersinozii.tmi.twitch.tv PRIVMSG #castro_1021 :nah you just shite

2019-03-05_13:34:43 - :theptrain316!theptrain316@theptrain316.tmi.twitch.tv PRIVMSG #castro_1021 :Sup bud,can’t wait for a 24hr stream #vamos

2019-03-05_13:34:44 - :thebananaman101!thebananaman101@thebananaman101.tmi.twitch.tv PRIVMSG #castro_1021 :rip alissomn

2019-03-05_13:34:44 - :zammo_77!zammo_77@zammo_77.tmi.twitch.tv PRIVMSG #castro_1021 :Called it

2019-03-05_13:34:45 - :razzah_!razzah_@razzah_.tmi.twitch.tv PRIVMSG #castro_1021 :MORE LIVERPOOL

2019-03-05_13:34:46 - :xxxcharle!xxxcharle@xxxcharle.tmi.twitch.tv PRIVMSG #castro_1021 :curse

2019-03-05_13:34:46 - :greenboy247!greenboy247@greenboy247.tmi.twitch.tv PRIVMSG #castro_1021 :liverpoooool curseeee

2019-03-05_13:34:46 - :chicharito2003!chicharito2003@chicharito2003.tmi.twitch.tv PRIVMSG #castro_1021 :livershit

2019-03-05_13:34:49 - :fpn_gunni!fpn_gunni@fpn_gunni.tmi.twitch.tv PRIVMSG #castro_1021 :Livermite curse

2019-03-05_13:34:49 - :moobot!moobot@moobot.tmi.twitch.tv PRIVMSG #castro_1021 :SUBSCRIBE YOU GOAT! http://www.twitch.tv/castro_1021/subscribe?ref=below_video_subscribe_button twerkGoat

2019-03-05_13:34:50 - :lil_jcd!lil_jcd@lil_jcd.tmi.twitch.tv PRIVMSG #castro_1021 :livershite

2019-03-05_13:34:51 - :muhtada_bayern28!muhtada_bayern28@muhtada_bayern28.tmi.twitch.tv PRIVMSG #castro_1021 :no

2019-03-05_13:34:56 - :marcost77!marcost77@marcost77.tmi.twitch.tv PRIVMSG #castro_1021 :Livershitee

2019-03-05_13:34:57 - :mickey1!mickey1@mickey1.tmi.twitch.tv PRIVMSG #castro_1021 ::person_shrugging_light_skin_tone::male_sign:️

2019-03-05_13:35:12 - :mrmagicaleggs!mrmagicaleggs@mrmagicaleggs.tmi.twitch.tv PRIVMSG #castro_1021 :Liverpool curse will hit at one point

2019-03-05_13:35:12 - :ethangroat!ethangroat@ethangroat.tmi.twitch.tv PRIVMSG #castro_1021 :Pog

2019-03-05_13:35:13 - :suh_mu!suh_mu@suh_mu.tmi.twitch.tv PRIVMSG #castro_1021 :liverpool again

2019-03-05_13:35:13 - :zoobzzz!zoobzzz@zoobzzz.tmi.twitch.tv PRIVMSG #castro_1021 :tubaC

2019-03-05_13:35:14 - :ersinozii!ersinozii@ersinozii.tmi.twitch.tv PRIVMSG #castro_1021 :POGGGGGGGG

2019-03-05_13:35:14 - :taha0059!taha0059@taha0059.tmi.twitch.tv PRIVMSG #castro_1021 :pog

2019-03-05_13:35:14 - :k4mcmaster!k4mcmaster@k4mcmaster.tmi.twitch.tv PRIVMSG #castro_1021 :oh shit

2019-03-05_13:35:19 - :pcoutinho42!pcoutinho42@pcoutinho42.tmi.twitch.tv PRIVMSG #castro_1021 :neymar striker

2019-03-05_13:35:20 - :skind919!skind919@skind919.tmi.twitch.tv PRIVMSG #castro_1021 :bruhh

2019-03-05_13:35:20 - :moobot!moobot@moobot.tmi.twitch.tv PRIVMSG #castro_1021 :See how you listened on Spotify. Get your Wrapped at http://spotify.com/2018

2019-03-05_13:35:22 - :lil_jcd!lil_jcd@lil_jcd.tmi.twitch.tv PRIVMSG #castro_1021 :saary

2019-03-05_13:35:22 - :fpn_gunni!fpn_gunni@fpn_gunni.tmi.twitch.tv PRIVMSG #castro_1021 :Pog

2019-03-05_13:35:24 - :djtrappedout!djtrappedout@djtrappedout.tmi.twitch.tv PRIVMSG #castro_1021 :biscuits

2019-03-05_13:35:24 - :pwessels!pwessels@pwessels.tmi.twitch.tv PRIVMSG #castro_1021 :191 at best

2019-03-05_13:35:26 - :youngethanfox!youngethanfox@youngethanfox.tmi.twitch.tv PRIVMSG #castro_1021 :Pog

2019-03-05_13:35:26 - :sonnic2002!sonnic2002@sonnic2002.tmi.twitch.tv PRIVMSG #castro_1021 :twerkGasm

2019-03-05_13:35:28 - :prodox302!prodox302@prodox302.tmi.twitch.tv PRIVMSG #castro_1021 :Pog

2019-03-05_13:35:28 - :biggestsavage123!biggestsavage123@biggestsavage123.tmi.twitch.tv PRIVMSG #castro_1021 :Poggers

2019-03-05_13:35:29 - :sooolah!sooolah@sooolah.tmi.twitch.tv PRIVMSG #castro_1021 :CAMM

2019-03-05_13:35:30 - :mcfcjacob174!mcfcjacob174@mcfcjacob174.tmi.twitch.tv PRIVMSG #castro_1021 :Ok bud

2019-03-05_13:35:30 - :ethangroat!ethangroat@ethangroat.tmi.twitch.tv PRIVMSG #castro_1021 :@Castro_1021 swap Godin and Maldini

2019-03-05_13:35:30 - :whyswaay!whyswaay@whyswaay.tmi.twitch.tv PRIVMSG #castro_1021 :hey bud

2019-03-05_13:35:32 - :lil_jcd!lil_jcd@lil_jcd.tmi.twitch.tv PRIVMSG #castro_1021 :sup BUD

2019-03-05_13:35:32 - :kytobzz!kytobzz@kytobzz.tmi.twitch.tv PRIVMSG #castro_1021 :move cam fatty

2019-03-05_13:35:32 - :zammo_77!zammo_77@zammo_77.tmi.twitch.tv PRIVMSG #castro_1021 :Play it cool

2019-03-05_13:35:35 - :mibacs!mibacs@mibacs.tmi.twitch.tv PRIVMSG #castro_1021 :still gonna get a 192

2019-03-05_13:35:35 - :grimsleeper4!grimsleeper4@grimsleeper4.tmi.twitch.tv PRIVMSG #castro_1021 :the car is safely driving on the road

2019-03-05_13:35:36 - :pcoutinho42!pcoutinho42@pcoutinho42.tmi.twitch.tv PRIVMSG #castro_1021 :neymar striker martial lm vinicius lw

2019-03-05_13:35:39 - :nepalizlatan!nepalizlatan@nepalizlatan.tmi.twitch.tv PRIVMSG #castro_1021 :Choke inc

2019-03-05_13:35:39 - :twiist24!twiist24@twiist24.tmi.twitch.tv PRIVMSG #castro_1021 :move cam bud

2019-03-05_13:35:39 - :mrmagicaleggs!mrmagicaleggs@mrmagicaleggs.tmi.twitch.tv PRIVMSG #castro_1021 :cam fatty

2019-03-05_13:35:40 - :loyalm8!loyalm8@loyalm8.tmi.twitch.tv PRIVMSG #castro_1021 :move the cam

2019-03-05_13:35:40 - :slimgha!slimgha@slimgha.tmi.twitch.tv PRIVMSG #castro_1021 :who is rm ?

2019-03-05_13:35:41 - :ersinozii!ersinozii@ersinozii.tmi.twitch.tv PRIVMSG #castro_1021 :you always choke so no worries LUL

2019-03-05_13:35:42 - :marcost77!marcost77@marcost77.tmi.twitch.tv PRIVMSG #castro_1021 :OHHH

2019-03-05_13:35:45 - :mikelitoriss69!mikelitoriss69@mikelitoriss69.tmi.twitch.tv PRIVMSG #castro_1021 :swap maldini and godin

2019-03-05_13:35:45 - :marcolin!marcolin@marcolin.tmi.twitch.tv PRIVMSG #castro_1021 :change godin and maldini

2019-03-05_13:35:51 - :simonbs16!simonbs16@simonbs16.tmi.twitch.tv PRIVMSG #castro_1021 :swap godin and maldini

2019-03-05_13:35:51 - :kopecky7!kopecky7@kopecky7.tmi.twitch.tv PRIVMSG #castro_1021 :move camera

2019-03-05_13:35:51 - :moobot!moobot@moobot.tmi.twitch.tv PRIVMSG #castro_1021 :SUBSCRIBE YOU GOAT! http://www.twitch.tv/castro_1021/subscribe?ref=below_video_subscribe_button twerkGoat

2019-03-05_13:35:51 - :millerdave21!millerdave21@millerdave21.tmi.twitch.tv PRIVMSG #castro_1021 :Move facecam plz

2019-03-05_13:35:53 - :loyalm8!loyalm8@loyalm8.tmi.twitch.tv PRIVMSG #castro_1021 :mooooove caaaam

2019-03-05_13:35:56 - :harryzfifa!harryzfifa@harryzfifa.tmi.twitch.tv PRIVMSG #castro_1021 :LUL

2019-03-05_13:36:01 - :evan1917!evan1917@evan1917.tmi.twitch.tv PRIVMSG #castro_1021 :Martial right wing swap Godin and maldini

2019-03-05_13:36:02 - :sooolah!sooolah@sooolah.tmi.twitch.tv PRIVMSG #castro_1021 :CAMMM

2019-03-05_13:36:05 - :matthijsk2001!matthijsk2001@matthijsk2001.tmi.twitch.tv PRIVMSG #castro_1021 :jooooooo

2019-03-05_13:36:15 - :mrmagicaleggs!mrmagicaleggs@mrmagicaleggs.tmi.twitch.tv PRIVMSG #castro_1021 :the liverpool curse has begun

2019-03-05_13:36:21 - :cowboyfitz!cowboyfitz@cowboyfitz.tmi.twitch.tv PRIVMSG #castro_1021 :camera

2019-03-05_13:36:21 - :moobot!moobot@moobot.tmi.twitch.tv PRIVMSG #castro_1021 :Castro's Instagram: https://www.instagram.com/castro1021 and Pita's instagram: https://www.instagram.com/pitaa1021

2019-03-05_13:36:22 - :morri98!morri98@morri98.tmi.twitch.tv PRIVMSG #castro_1021 :AURIER

2019-03-05_13:36:28 - :samallen21!samallen21@samallen21.tmi.twitch.tv PRIVMSG #castro_1021 :aurier

2019-03-05_13:36:28 - :marcost77!marcost77@marcost77.tmi.twitch.tv PRIVMSG #castro_1021 :AURIER RCB

2019-03-05_13:36:30 - :3mma!3mma@3mma.tmi.twitch.tv PRIVMSG #castro_1021 :When’s fut birthday?

2019-03-05_13:36:30 - :b4condude240!b4condude240@b4condude240.tmi.twitch.tv PRIVMSG #castro_1021 :Aurier

2019-03-05_13:36:31 - :chicharito2003!chicharito2003@chicharito2003.tmi.twitch.tv PRIVMSG #castro_1021 :swap maldini and godin

2019-03-05_13:36:32 - :moobot!moobot@moobot.tmi.twitch.tv PRIVMSG #castro_1021 :Thank you for subbing, ColonelJoe twerkLove twerkLove twerkLove!!! Enjoy this emote: twerkChoke

2019-03-05_13:36:37 - :marcost77!marcost77@marcost77.tmi.twitch.tv PRIVMSG #castro_1021 :Omgg

2019-03-05_13:36:41 - :3mma!3mma@3mma.tmi.twitch.tv PRIVMSG #castro_1021 :!prime

2019-03-05_13:36:42 - :moobot!moobot@moobot.tmi.twitch.tv PRIVMSG #castro_1021 :SUBSCRIBE FOR FREE USING TWITCH PRIME!! twerkSup https://twitch.amazon.com/prime

2019-03-05_13:36:43 - :vini_santoss!vini_santoss@vini_santoss.tmi.twitch.tv PRIVMSG #castro_1021 :chielline

2019-03-05_13:36:44 - :darknightrulz!darknightrulz@darknightrulz.tmi.twitch.tv PRIVMSG #castro_1021 :aurier

2019-03-05_13:36:44 - :pcoutinho42!pcoutinho42@pcoutinho42.tmi.twitch.tv PRIVMSG #castro_1021 :chi

2019-03-05_13:36:47 - :waggers!waggers@waggers.tmi.twitch.tv PRIVMSG #castro_1021 :chi

2019-03-05_13:36:48 - :starbux69!starbux69@starbux69.tmi.twitch.tv PRIVMSG #castro_1021 :can u plz move the camera castro

2019-03-05_13:36:48 - :ashtonlw!ashtonlw@ashtonlw.tmi.twitch.tv PRIVMSG #castro_1021 :chielinie for godin

2019-03-05_13:36:49 - :archieplayztv!archieplayztv@archieplayztv.tmi.twitch.tv PRIVMSG #castro_1021 :love the kit :) :)

2019-03-05_13:36:53 - :loyalm8!loyalm8@loyalm8.tmi.twitch.tv PRIVMSG #castro_1021 :MOVE THE CAM

2019-03-05_13:36:54 - :moobot!moobot@moobot.tmi.twitch.tv PRIVMSG #castro_1021 :SUBSCRIBE YOU GOAT! http://www.twitch.tv/castro_1021/subscribe?ref=below_video_subscribe_button twerkGoat

2019-03-05_13:36:54 - :rynoldinho!rynoldinho@rynoldinho.tmi.twitch.tv PRIVMSG #castro_1021 :cancelo

2019-03-05_13:36:54 - :youngethanfox!youngethanfox@youngethanfox.tmi.twitch.tv PRIVMSG #castro_1021 :Cheil

2019-03-05_13:36:56 - :fpn_gunni!fpn_gunni@fpn_gunni.tmi.twitch.tv PRIVMSG #castro_1021 :Chi

2019-03-05_13:36:56 - :pcoutinho42!pcoutinho42@pcoutinho42.tmi.twitch.tv PRIVMSG #castro_1021 :chie

2019-03-05_13:36:58 - :themech7!themech7@themech7.tmi.twitch.tv PRIVMSG #castro_1021 :camera

2019-03-05_13:36:58 - :taha0059!taha0059@taha0059.tmi.twitch.tv PRIVMSG #castro_1021 :che

2019-03-05_13:36:58 - :vini_santoss!vini_santoss@vini_santoss.tmi.twitch.tv PRIVMSG #castro_1021 :chie

2019-03-05_13:36:58 - :vargarmen!vargarmen@vargarmen.tmi.twitch.tv PRIVMSG #castro_1021 :CANCELO

2019-03-05_13:36:59 - :pancioretty!pancioretty@pancioretty.tmi.twitch.tv PRIVMSG #castro_1021 :chie

2019-03-05_13:36:59 - :waggers!waggers@waggers.tmi.twitch.tv PRIVMSG #castro_1021 :gets link to mildini

2019-03-05_13:36:59 - :shish_35!shish_35@shish_35.tmi.twitch.tv PRIVMSG #castro_1021 :chi

2019-03-05_13:36:59 - :grimsleeper4!grimsleeper4@grimsleeper4.tmi.twitch.tv PRIVMSG #castro_1021 :chiellini

2019-03-05_13:36:59 - :jordi__0344!jordi__0344@jordi__0344.tmi.twitch.tv PRIVMSG #castro_1021 :chiellini

2019-03-05_13:37:00 - :simonbs16!simonbs16@simonbs16.tmi.twitch.tv PRIVMSG #castro_1021 :chiellini

2019-03-05_13:37:00 - :rynoldinho!rynoldinho@rynoldinho.tmi.twitch.tv PRIVMSG #castro_1021 :cancelo RM for figo lin

2019-03-05_13:37:00 - :bigwhite__!bigwhite__@bigwhite__.tmi.twitch.tv PRIVMSG #castro_1021 :chiellini

2019-03-05_13:37:01 - :realspicymon!realspicymon@realspicymon.tmi.twitch.tv PRIVMSG #castro_1021 :chiellini

2019-03-05_13:37:02 - :mrmagicaleggs!mrmagicaleggs@mrmagicaleggs.tmi.twitch.tv PRIVMSG #castro_1021 :chi

2019-03-05_13:37:03 - :super_chanka!super_chanka@super_chanka.tmi.twitch.tv PRIVMSG #castro_1021 :cancero

2019-03-05_13:37:04 - :morri98!morri98@morri98.tmi.twitch.tv PRIVMSG #castro_1021 :CHIELLINI

2019-03-05_13:37:05 - :dropping_flames!dropping_flames@dropping_flames.tmi.twitch.tv PRIVMSG #castro_1021 :chiellini

2019-03-05_13:37:05 - :themech7!themech7@themech7.tmi.twitch.tv PRIVMSG #castro_1021 :cam

2019-03-05_13:37:05 - :colbyspencerhasweakbones!colbyspencerhasweakbones@colbyspencerhasweakbones.tmi.twitch.tv PRIVMSG #castro_1021 :chiellini

2019-03-05_13:37:05 - :sooolah!sooolah@sooolah.tmi.twitch.tv PRIVMSG #castro_1021 :chellini

2019-03-05_13:37:06 - :alexmoss_4!alexmoss_4@alexmoss_4.tmi.twitch.tv PRIVMSG #castro_1021 :chiellini

2019-03-05_13:37:06 - :lewis2006hilton!lewis2006hilton@lewis2006hilton.tmi.twitch.tv PRIVMSG #castro_1021 :CHIELINI

2019-03-05_13:37:07 - :wnorekcp3!wnorekcp3@wnorekcp3.tmi.twitch.tv PRIVMSG #castro_1021 :cancelo

2019-03-05_13:37:08 - :sinator3008!sinator3008@sinator3008.tmi.twitch.tv PRIVMSG #castro_1021 :chi

2019-03-05_13:37:09 - :iamzammm!iamzammm@iamzammm.tmi.twitch.tv PRIVMSG #castro_1021 :chiellini obvs

2019-03-05_13:37:10 - :justwarrent!justwarrent@justwarrent.tmi.twitch.tv PRIVMSG #castro_1021 :chiellini

2019-03-05_13:37:12 - :vargarmen!vargarmen@vargarmen.tmi.twitch.tv PRIVMSG #castro_1021 :CANCELOOOOOOO

2019-03-05_13:37:12 - :krashoverride78!krashoverride78@krashoverride78.tmi.twitch.tv PRIVMSG #castro_1021 :cancelo

2019-03-05_13:37:14 - :jryder33!jryder33@jryder33.tmi.twitch.tv PRIVMSG #castro_1021 :CHILINI

2019-03-05_13:37:16 - :franco_0513!franco_0513@franco_0513.tmi.twitch.tv PRIVMSG #castro_1021 :Canselo

2019-03-05_13:37:17 - :b4condude240!b4condude240@b4condude240.tmi.twitch.tv PRIVMSG #castro_1021 :Chiellini

2019-03-05_13:37:18 - :unwrappednameyt!unwrappednameyt@unwrappednameyt.tmi.twitch.tv PRIVMSG #castro_1021 :cancelo

2019-03-05_13:37:18 - :zabbourino!zabbourino@zabbourino.tmi.twitch.tv PRIVMSG #castro_1021 :whatever its a 191

2019-03-05_13:37:22 - :tobinlongg!tobinlongg@tobinlongg.tmi.twitch.tv PRIVMSG #castro_1021 :Lala u fuk

2019-03-05_13:37:22 - :moobot!moobot@moobot.tmi.twitch.tv PRIVMSG #castro_1021 :CASTRO'S TWITTER https://twitter.com/Castro1021

2019-03-05_13:37:23 - :crankiey!crankiey@crankiey.tmi.twitch.tv PRIVMSG #castro_1021 :Chiellini

2019-03-05_13:37:25 - :starbux69!starbux69@starbux69.tmi.twitch.tv PRIVMSG #castro_1021 :CASTRO can you move the camera

2019-03-05_13:37:25 - :sammyjhboy!sammyjhboy@sammyjhboy.tmi.twitch.tv PRIVMSG #castro_1021 :Cancelo

2019-03-05_13:37:26 - :moctor_dark_lord!moctor_dark_lord@moctor_dark_lord.tmi.twitch.tv PRIVMSG #castro_1021 :BE EASIER TO HELP IF WE COULD DAMN SEE THE CHEM AND RATING

2019-03-05_13:37:27 - :oudinax!oudinax@oudinax.tmi.twitch.tv PRIVMSG #castro_1021 :Cancelo

2019-03-05_13:37:29 - :zach_stulberg!zach_stulberg@zach_stulberg.tmi.twitch.tv PRIVMSG #castro_1021 :@castro_1021 put James back in now!!!!!

2019-03-05_13:37:30 - :my_mom_has_18_inch!my_mom_has_18_inch@my_mom_has_18_inch.tmi.twitch.tv PRIVMSG #castro_1021 :Ohh

2019-03-05_13:37:31 - :taha0059!taha0059@taha0059.tmi.twitch.tv PRIVMSG #castro_1021 :pog

2019-03-05_13:37:35 - :mrmagicaleggs!mrmagicaleggs@mrmagicaleggs.tmi.twitch.tv PRIVMSG #castro_1021 :pogoo

2019-03-05_13:37:35 - :jordi__0344!jordi__0344@jordi__0344.tmi.twitch.tv PRIVMSG #castro_1021 :CAM

2019-03-05_13:37:36 - :vargarmen!vargarmen@vargarmen.tmi.twitch.tv PRIVMSG #castro_1021 :ZANETTI CB

2019-03-05_13:37:38 - :brojas313!brojas313@brojas313.tmi.twitch.tv PRIVMSG #castro_1021 :IT WAS SUPPOSED TO BE CANCELO

2019-03-05_13:37:41 - :grimsleeper4!grimsleeper4@grimsleeper4.tmi.twitch.tv PRIVMSG #castro_1021 :zanetti

2019-03-05_13:37:42 - :mansvexed!mansvexed@mansvexed.tmi.twitch.tv PRIVMSG #castro_1021 :cancekarma

2019-03-05_13:37:43 - :asn21!asn21@asn21.tmi.twitch.tv PRIVMSG #castro_1021 :zanetti for pogba

2019-03-05_13:37:43 - :lil_jcd!lil_jcd@lil_jcd.tmi.twitch.tv PRIVMSG #castro_1021 :saaary

2019-03-05_13:37:44 - :dave9afc!dave9afc@dave9afc.tmi.twitch.tv PRIVMSG #castro_1021 :That zanetti is soo good in game

2019-03-05_13:37:44 - :youngethanfox!youngethanfox@youngethanfox.tmi.twitch.tv PRIVMSG #castro_1021 :Wtf

2019-03-05_13:37:45 - :scottw1994!scottw1994@scottw1994.tmi.twitch.tv PRIVMSG #castro_1021 :@Castro_1021 MOVE THE CAMERA BRO

2019-03-05_13:37:46 - :youngethanfox!youngethanfox@youngethanfox.tmi.twitch.tv PRIVMSG #castro_1021 :Pog

2019-03-05_13:37:47 - :streiks97!streiks97@streiks97.tmi.twitch.tv PRIVMSG #castro_1021 :zanetti cm porba rm

2019-03-05_13:37:48 - :ethangroat!ethangroat@ethangroat.tmi.twitch.tv PRIVMSG #castro_1021 :Nice team Pog

2019-03-05_13:37:48 - :loyalm8!loyalm8@loyalm8.tmi.twitch.tv PRIVMSG #castro_1021 :c a m f a t t y

2019-03-05_13:37:50 - :tamo1888!tamo1888@tamo1888.tmi.twitch.tv PRIVMSG #castro_1021 :Yo

2019-03-05_13:37:50 - :kingjake676!kingjake676@kingjake676.tmi.twitch.tv PRIVMSG #castro_1021 :Cb

2019-03-05_13:37:53 - :sonnic2002!sonnic2002@sonnic2002.tmi.twitch.tv PRIVMSG #castro_1021 :should have taken cancelo

2019-03-05_13:37:53 - :jaka0037!jaka0037@jaka0037.tmi.twitch.tv PRIVMSG #castro_1021 :plasstiv

2019-03-05_13:37:56 - :crankiey!crankiey@crankiey.tmi.twitch.tv PRIVMSG #castro_1021 :Pogba rm

2019-03-05_13:37:56 - :moobot!moobot@moobot.tmi.twitch.tv PRIVMSG #castro_1021 :SUBSCRIBE YOU GOAT! http://www.twitch.tv/castro_1021/subscribe?ref=below_video_subscribe_button twerkGoat

2019-03-05_13:37:59 - :lewis2006hilton!lewis2006hilton@lewis2006hilton.tmi.twitch.tv PRIVMSG #castro_1021 :Move facecam

2019-03-05_13:37:59 - :mrmagicaleggs!mrmagicaleggs@mrmagicaleggs.tmi.twitch.tv PRIVMSG #castro_1021 :pogba rm

2019-03-05_13:37:59 - :zach_stulberg!zach_stulberg@zach_stulberg.tmi.twitch.tv PRIVMSG #castro_1021 :@castro_1021 put James back in at rm!!!!

2019-03-05_13:38:00 - :jg_szn_!jg_szn_@jg_szn_.tmi.twitch.tv PRIVMSG #castro_1021 :192 coming

2019-03-05_13:38:00 - :byyremzi!byyremzi@byyremzi.tmi.twitch.tv PRIVMSG #castro_1021 :Pogba RM

2019-03-05_13:38:00 - :jaka0037!jaka0037@jaka0037.tmi.twitch.tv PRIVMSG #castro_1021 :plastic fan

2019-03-05_13:38:02 - :lil_jcd!lil_jcd@lil_jcd.tmi.twitch.tv PRIVMSG #castro_1021 :CAMERA

2019-03-05_13:38:03 - :mansvexed!mansvexed@mansvexed.tmi.twitch.tv PRIVMSG #castro_1021 :play him cb

2019-03-05_13:38:05 - :vini_santoss!vini_santoss@vini_santoss.tmi.twitch.tv PRIVMSG #castro_1021 :rodriguez in

2019-03-05_13:38:05 - :jurgen2406!jurgen2406@jurgen2406.tmi.twitch.tv PRIVMSG #castro_1021 :pogba rm?

2019-03-05_13:38:05 - :lil_jcd!lil_jcd@lil_jcd.tmi.twitch.tv PRIVMSG #castro_1021 :cAMERA

2019-03-05_13:38:06 - :tommy_l_7!tommy_l_7@tommy_l_7.tmi.twitch.tv PRIVMSG #castro_1021 :move the can

2019-03-05_13:38:07 - :cowboyfitz!cowboyfitz@cowboyfitz.tmi.twitch.tv PRIVMSG #castro_1021 :@Castro_1021 CAMERA

2019-03-05_13:38:09 - :lil_jcd!lil_jcd@lil_jcd.tmi.twitch.tv PRIVMSG #castro_1021 :CAMERAA

2019-03-05_13:38:09 - :vini_santoss!vini_santoss@vini_santoss.tmi.twitch.tv PRIVMSG #castro_1021 :rodriguez rm

2019-03-05_13:38:09 - :marcolin!marcolin@marcolin.tmi.twitch.tv PRIVMSG #castro_1021 :pogba rm

2019-03-05_13:38:10 - :mikelitoriss69!mikelitoriss69@mikelitoriss69.tmi.twitch.tv PRIVMSG #castro_1021 :cam pls

2019-03-05_13:38:10 - :darknightrulz!darknightrulz@darknightrulz.tmi.twitch.tv PRIVMSG #castro_1021 :james rm

2019-03-05_13:38:13 - :lil_jcd!lil_jcd@lil_jcd.tmi.twitch.tv PRIVMSG #castro_1021 :CAMERAAAAAA

2019-03-05_13:38:15 - :matt11181!matt11181@matt11181.tmi.twitch.tv PRIVMSG #castro_1021 :twerkCringe

2019-03-05_13:38:15 - :captainnevnev!captainnevnev@captainnevnev.tmi.twitch.tv PRIVMSG #castro_1021 :F

2019-03-05_13:38:16 - :adolopez895!adolopez895@adolopez895.tmi.twitch.tv PRIVMSG #castro_1021 :cam

2019-03-05_13:38:16 - :zoobzzz!zoobzzz@zoobzzz.tmi.twitch.tv PRIVMSG #castro_1021 :kagawa

2019-03-05_13:38:17 - :marcolin!marcolin@marcolin.tmi.twitch.tv PRIVMSG #castro_1021 :pogba rm bro

2019-03-05_13:38:17 - :asn21!asn21@asn21.tmi.twitch.tv PRIVMSG #castro_1021 :kagawa POG

2019-03-05_13:38:19 - :tommy_l_7!tommy_l_7@tommy_l_7.tmi.twitch.tv PRIVMSG #castro_1021 :MOVE THE CAMERAAAAAAAAAA

2019-03-05_13:38:19 - :kdubs10!kdubs10@kdubs10.tmi.twitch.tv PRIVMSG #castro_1021 :James back in

2019-03-05_13:38:20 - :mibacs!mibacs@mibacs.tmi.twitch.tv PRIVMSG #castro_1021 :MOVE C CAMERA

2019-03-05_13:38:20 - :zoobzzz!zoobzzz@zoobzzz.tmi.twitch.tv PRIVMSG #castro_1021 :!kagawa

2019-03-05_13:38:20 - :domwlfc!domwlfc@domwlfc.tmi.twitch.tv PRIVMSG #castro_1021 :MOVE CANERAAAA

2019-03-05_13:38:20 - :abner_thenewcr7!abner_thenewcr7@abner_thenewcr7.tmi.twitch.tv PRIVMSG #castro_1021 :Cam stoopid

2019-03-05_13:38:21 - :nightbot!nightbot@nightbot.tmi.twitch.tv PRIVMSG #castro_1021 :634 packed today

2019-03-05_13:38:21 - :b4condude240!b4condude240@b4condude240.tmi.twitch.tv PRIVMSG #castro_1021 :Move your cam pls

2019-03-05_13:38:22 - :domwlfc!domwlfc@domwlfc.tmi.twitch.tv PRIVMSG #castro_1021 :CAM

2019-03-05_13:38:22 - :rye_mye!rye_mye@rye_mye.tmi.twitch.tv PRIVMSG #castro_1021 :pogba rm and switch vvd with maldini

2019-03-05_13:38:23 - :moobot!moobot@moobot.tmi.twitch.tv PRIVMSG #castro_1021 :CASTRO’S SHAKERCUP: https://bit.ly/2SbV0bI twerkCup STARTER KIT: https://bit.ly/2And6AP twerkCup ”CASTRO” FOR 10% twerkCup

2019-03-05_13:38:23 - :castanheira01!castanheira01@castanheira01.tmi.twitch.tv PRIVMSG #castro_1021 :james

2019-03-05_13:38:26 - :kingjake676!kingjake676@kingjake676.tmi.twitch.tv PRIVMSG #castro_1021 :maldini center james rm

2019-03-05_13:38:28 - :youngethanfox!youngethanfox@youngethanfox.tmi.twitch.tv PRIVMSG #castro_1021 :L

2019-03-05_13:38:29 - :friskypanda_562!friskypanda_562@friskypanda_562.tmi.twitch.tv PRIVMSG #castro_1021 :PORQUE YA EH SUFRIDO TANTO TANTOOOO QUE HOY NO PUEDO DETENER MI LLANTO

2019-03-05_13:38:29 - :domwlfc!domwlfc@domwlfc.tmi.twitch.tv PRIVMSG #castro_1021 :CAMM

2019-03-05_13:38:31 - :castroislowkeyfat!castroislowkeyfat@castroislowkeyfat.tmi.twitch.tv PRIVMSG #castro_1021 :CAMMMMM

2019-03-05_13:38:34 - :mexicmuscles!mexicmuscles@mexicmuscles.tmi.twitch.tv PRIVMSG #castro_1021 :Move camera

2019-03-05_13:38:35 - :marcost77!marcost77@marcost77.tmi.twitch.tv PRIVMSG #castro_1021 :James back in

2019-03-05_13:38:39 - :tabz8496!tabz8496@tabz8496.tmi.twitch.tv PRIVMSG #castro_1021 :Cam

2019-03-05_13:38:39 - :granja47!granja47@granja47.tmi.twitch.tv PRIVMSG #castro_1021 :190

2019-03-05_13:38:41 - :jweb174!jweb174@jweb174.tmi.twitch.tv PRIVMSG #castro_1021 :We know

2019-03-05_13:38:45 - :jackowacko833!jackowacko833@jackowacko833.tmi.twitch.tv PRIVMSG #castro_1021 :cam

2019-03-05_13:38:46 - :zoobzzz!zoobzzz@zoobzzz.tmi.twitch.tv PRIVMSG #castro_1021 :!english

2019-03-05_13:38:47 - :nightbot!nightbot@nightbot.tmi.twitch.tv PRIVMSG #castro_1021 :Zoobzzz , ENGLISH ONLY IN THE CHAT OR TIMEOUT [warning]

2019-03-05_13:38:47 - :scottw1994!scottw1994@scottw1994.tmi.twitch.tv PRIVMSG #castro_1021 :@Castro_1021 MOVE CAMERA BRI

2019-03-05_13:38:49 - :fmiranda6!fmiranda6@fmiranda6.tmi.twitch.tv PRIVMSG #castro_1021 :Cam

2019-03-05_13:38:50 - :gianlupace!gianlupace@gianlupace.tmi.twitch.tv PRIVMSG #castro_1021 :Move the cameraaaa

2019-03-05_13:38:52 - :mrmagicaleggs!mrmagicaleggs@mrmagicaleggs.tmi.twitch.tv PRIVMSG #castro_1021 :reset

2019-03-05_13:38:53 - :g9d123!g9d123@g9d123.tmi.twitch.tv PRIVMSG #castro_1021 :LUL

2019-03-05_13:38:53 - :batinatv!batinatv@batinatv.tmi.twitch.tv PRIVMSG #castro_1021 :THE 191 GOD

2019-03-05_13:38:53 - :jaka0037!jaka0037@jaka0037.tmi.twitch.tv PRIVMSG #castro_1021 :cam fat

2019-03-05_13:38:54 - :friskypanda_562!friskypanda_562@friskypanda_562.tmi.twitch.tv PRIVMSG #castro_1021 :why did I get timed out? lol

2019-03-05_13:38:54 - :my_mom_has_18_inch!my_mom_has_18_inch@my_mom_has_18_inch.tmi.twitch.tv PRIVMSG #castro_1021 :LUL

2019-03-05_13:38:54 - :barrowbaud!barrowbaud@barrowbaud.tmi.twitch.tv PRIVMSG #castro_1021 :LLUL

2019-03-05_13:38:54 - :lektorstudenten!lektorstudenten@lektorstudenten.tmi.twitch.tv PRIVMSG #castro_1021 :lol

2019-03-05_13:38:55 - :pcoutinho42!pcoutinho42@pcoutinho42.tmi.twitch.tv PRIVMSG #castro_1021 :lol

2019-03-05_13:38:55 - :jordi__0344!jordi__0344@jordi__0344.tmi.twitch.tv PRIVMSG #castro_1021 :twerkLUL

2019-03-05_13:38:55 - :sweatysock8!sweatysock8@sweatysock8.tmi.twitch.tv PRIVMSG #castro_1021 :lu

2019-03-05_13:38:55 - :simon_lionshield_17!simon_lionshield_17@simon_lionshield_17.tmi.twitch.tv PRIVMSG #castro_1021 :love you all <3 <3 <3 <3 <3

2019-03-05_13:38:55 - :captainnevnev!captainnevnev@captainnevnev.tmi.twitch.tv PRIVMSG #castro_1021 :LUL

2019-03-05_13:38:55 - :vini_santoss!vini_santoss@vini_santoss.tmi.twitch.tv PRIVMSG #castro_1021 :LUL

2019-03-05_13:38:55 - :rynoldinho!rynoldinho@rynoldinho.tmi.twitch.tv PRIVMSG #castro_1021 :lul

2019-03-05_13:38:56 - :loveklatt!loveklatt@loveklatt.tmi.twitch.tv PRIVMSG #castro_1021 :lol

2019-03-05_13:38:56 - :themech7!themech7@themech7.tmi.twitch.tv PRIVMSG #castro_1021 :lul

2019-03-05_13:38:56 - :cowboyfitz!cowboyfitz@cowboyfitz.tmi.twitch.tv PRIVMSG #castro_1021 :YOUR A BOT

2019-03-05_13:38:56 - :asn21!asn21@asn21.tmi.twitch.tv PRIVMSG #castro_1021 :LUL

2019-03-05_13:38:57 - :moobot!moobot@moobot.tmi.twitch.tv PRIVMSG #castro_1021 :SUBSCRIBE YOU GOAT! http://www.twitch.tv/castro_1021/subscribe?ref=below_video_subscribe_button twerkGoat

2019-03-05_13:38:57 - :super_chanka!super_chanka@super_chanka.tmi.twitch.tv PRIVMSG #castro_1021 :KUK
:taha0059!taha0059@taha0059.tmi.twitch.tv PRIVMSG #castro_1021 :lol
:notapaathy!notapaathy@notapaathy.tmi.twitch.tv PRIVMSG #castro_1021 :DRAFT LOSER

2019-03-05_13:38:57 - :sweatysock8!sweatysock8@sweatysock8.tmi.twitch.tv PRIVMSG #castro_1021 :lul

2019-03-05_13:38:57 - :unitedisred!unitedisred@unitedisred.tmi.twitch.tv PRIVMSG #castro_1021 :lol

2019-03-05_13:38:57 - :barrowbaud!barrowbaud@barrowbaud.tmi.twitch.tv PRIVMSG #castro_1021 :LUL

2019-03-05_13:38:57 - :unwrappednameyt!unwrappednameyt@unwrappednameyt.tmi.twitch.tv PRIVMSG #castro_1021 :lul

2019-03-05_13:38:58 - :kuci!kuci@kuci.tmi.twitch.tv PRIVMSG #castro_1021 :LOL

2019-03-05_13:38:58 - :iamzammm!iamzammm@iamzammm.tmi.twitch.tv PRIVMSG #castro_1021 :LUL

2019-03-05_13:38:58 - :pancioretty!pancioretty@pancioretty.tmi.twitch.tv PRIVMSG #castro_1021 :LUL

2019-03-05_13:38:58 - :tiizzy89!tiizzy89@tiizzy89.tmi.twitch.tv PRIVMSG #castro_1021 :lul

2019-03-05_13:38:58 - :monchenjiners!monchenjiners@monchenjiners.tmi.twitch.tv PRIVMSG #castro_1021 :LULW

2019-03-05_13:38:58 - :mrmagicaleggs!mrmagicaleggs@mrmagicaleggs.tmi.twitch.tv PRIVMSG #castro_1021 :LUL

2019-03-05_13:38:58 - :lil_jcd!lil_jcd@lil_jcd.tmi.twitch.tv PRIVMSG #castro_1021 :LUL

2019-03-05_13:38:58 - :notapaathy!notapaathy@notapaathy.tmi.twitch.tv PRIVMSG #castro_1021 :NOT KING

2019-03-05_13:38:59 - :bykudohs!bykudohs@bykudohs.tmi.twitch.tv PRIVMSG #castro_1021 :lul

2019-03-05_13:38:59 - :xtrafiik_!xtrafiik_@xtrafiik_.tmi.twitch.tv PRIVMSG #castro_1021 :LUL

2019-03-05_13:38:59 - :amsickness!amsickness@amsickness.tmi.twitch.tv PRIVMSG #castro_1021 :move camera skinny

2019-03-05_13:38:59 - :jg_szn_!jg_szn_@jg_szn_.tmi.twitch.tv PRIVMSG #castro_1021 :lul

2019-03-05_13:38:59 - :elbobitjo!elbobitjo@elbobitjo.tmi.twitch.tv PRIVMSG #castro_1021 :Lul

2019-03-05_13:38:59 - :goldenxghost001!goldenxghost001@goldenxghost001.tmi.twitch.tv PRIVMSG #castro_1021 :LUL

2019-03-05_13:38:59 - :dropping_flames!dropping_flames@dropping_flames.tmi.twitch.tv PRIVMSG #castro_1021 :lul

2019-03-05_13:38:59 - :super_chanka!super_chanka@super_chanka.tmi.twitch.tv PRIVMSG #castro_1021 :LUL

2019-03-05_13:38:59 - :ozzylandesved!ozzylandesved@ozzylandesved.tmi.twitch.tv PRIVMSG #castro_1021 :LUL

2019-03-05_13:38:59 - :cartmail1992!cartmail1992@cartmail1992.tmi.twitch.tv PRIVMSG #castro_1021 :lululu

2019-03-05_13:39:00 - :markmaj!markmaj@markmaj.tmi.twitch.tv PRIVMSG #castro_1021 :lol

2019-03-05_13:39:00 - :calumfr!calumfr@calumfr.tmi.twitch.tv PRIVMSG #castro_1021 :twerkFBI

2019-03-05_13:39:00 - :savi0007!savi0007@savi0007.tmi.twitch.tv PRIVMSG #castro_1021 :move the camera

2019-03-05_13:39:00 - :chicharito2003!chicharito2003@chicharito2003.tmi.twitch.tv PRIVMSG #castro_1021 :lul

2019-03-05_13:39:00 - :marquard00!marquard00@marquard00.tmi.twitch.tv PRIVMSG #castro_1021 :LUL

2019-03-05_13:39:00 - :phil2211!phil2211@phil2211.tmi.twitch.tv PRIVMSG #castro_1021 :LUL

2019-03-05_13:39:01 - :muhtada_bayern28!muhtada_bayern28@muhtada_bayern28.tmi.twitch.tv PRIVMSG #castro_1021 :lul

2019-03-05_13:39:01 - :asgermv!asgermv@asgermv.tmi.twitch.tv PRIVMSG #castro_1021 :LUL

2019-03-05_13:39:02 - :coull100!coull100@coull100.tmi.twitch.tv PRIVMSG #castro_1021 :Need to move ur cam so we can see your rating

2019-03-05_13:39:02 - :conor_h_17!conor_h_17@conor_h_17.tmi.twitch.tv PRIVMSG #castro_1021 :lul

2019-03-05_13:39:02 - :lektorstudenten!lektorstudenten@lektorstudenten.tmi.twitch.tv PRIVMSG #castro_1021 :LUL

2019-03-05_13:39:02 - :ajbk4life1!ajbk4life1@ajbk4life1.tmi.twitch.tv PRIVMSG #castro_1021 :James is higher

2019-03-05_13:39:02 - :sean_bowie_1888!sean_bowie_1888@sean_bowie_1888.tmi.twitch.tv PRIVMSG #castro_1021 :lul

2019-03-05_13:39:02 - :mexicmuscles!mexicmuscles@mexicmuscles.tmi.twitch.tv PRIVMSG #castro_1021 :Lul

2019-03-05_13:39:02 - :ethangroat!ethangroat@ethangroat.tmi.twitch.tv PRIVMSG #castro_1021 :cheer300 Hey, If you want to add Fifa points to that account. Try restarting the game and loading it up on the account you want to add points on :)

2019-03-05_13:39:03 - :moctor_dark_lord!moctor_dark_lord@moctor_dark_lord.tmi.twitch.tv PRIVMSG #castro_1021 :HOW is that not 192

2019-03-05_13:39:03 - :razzah_!razzah_@razzah_.tmi.twitch.tv PRIVMSG #castro_1021 ::(

2019-03-05_13:39:03 - :whyswaay!whyswaay@whyswaay.tmi.twitch.tv PRIVMSG #castro_1021 :twerkLUL

2019-03-05_13:39:03 - :itsdellboyy!itsdellboyy@itsdellboyy.tmi.twitch.tv PRIVMSG #castro_1021 :LUL

2019-03-05_13:39:04 - :sinator3008!sinator3008@sinator3008.tmi.twitch.tv PRIVMSG #castro_1021 :lUl

2019-03-05_13:39:04 - :jg_szn_!jg_szn_@jg_szn_.tmi.twitch.tv PRIVMSG #castro_1021 :lulululul

2019-03-05_13:39:04 - :oudinax!oudinax@oudinax.tmi.twitch.tv PRIVMSG #castro_1021 :Lul

2019-03-05_13:39:05 - :shzclub!shzclub@shzclub.tmi.twitch.tv PRIVMSG #castro_1021 :lol

2019-03-05_13:39:05 - :asblendorio71!asblendorio71@asblendorio71.tmi.twitch.tv PRIVMSG #castro_1021 :at least youre getting faster at completing Kappa

2019-03-05_13:39:05 - :ztizzel!ztizzel@ztizzel.tmi.twitch.tv PRIVMSG #castro_1021 :lul

2019-03-05_13:39:06 - :unitedisred!unitedisred@unitedisred.tmi.twitch.tv PRIVMSG #castro_1021 :lul

2019-03-05_13:39:06 - :vini_santoss!vini_santoss@vini_santoss.tmi.twitch.tv PRIVMSG #castro_1021 :what a team man

2019-03-05_13:39:06 - :aatif_n!aatif_n@aatif_n.tmi.twitch.tv PRIVMSG #castro_1021 :LUL

2019-03-05_13:39:06 - :belgihd!belgihd@belgihd.tmi.twitch.tv PRIVMSG #castro_1021 :LUL

2019-03-05_13:39:07 - :vicbalista!vicbalista@vicbalista.tmi.twitch.tv PRIVMSG #castro_1021 :lul

2019-03-05_13:39:07 - :jogo7!jogo7@jogo7.tmi.twitch.tv PRIVMSG #castro_1021 :LUL

2019-03-05_13:39:07 - :ultratinho!ultratinho@ultratinho.tmi.twitch.tv PRIVMSG #castro_1021 :Lul

2019-03-05_13:39:07 - :pwessels!pwessels@pwessels.tmi.twitch.tv PRIVMSG #castro_1021 :called it omegalul

2019-03-05_13:39:08 - :calcov2003!calcov2003@calcov2003.tmi.twitch.tv PRIVMSG #castro_1021 :lil

2019-03-05_13:39:08 - :lektorstudenten!lektorstudenten@lektorstudenten.tmi.twitch.tv PRIVMSG #castro_1021 :LOL

2019-03-05_13:39:08 - :th4nooob!th4nooob@th4nooob.tmi.twitch.tv PRIVMSG #castro_1021 :lul

2019-03-05_13:39:08 - :jg_szn_!jg_szn_@jg_szn_.tmi.twitch.tv PRIVMSG #castro_1021 :lul

2019-03-05_13:39:08 - :abner_thenewcr7!abner_thenewcr7@abner_thenewcr7.tmi.twitch.tv PRIVMSG #castro_1021 :Lul

2019-03-05_13:39:09 - :youngethanfox!youngethanfox@youngethanfox.tmi.twitch.tv PRIVMSG #castro_1021 :Lul

2019-03-05_13:39:09 - :jryder33!jryder33@jryder33.tmi.twitch.tv PRIVMSG #castro_1021 :LUL

2019-03-05_13:39:09 - :mrmagicaleggs!mrmagicaleggs@mrmagicaleggs.tmi.twitch.tv PRIVMSG #castro_1021 :LUL LUL LUL

2019-03-05_13:39:10 - :calcov2003!calcov2003@calcov2003.tmi.twitch.tv PRIVMSG #castro_1021 :Lul

2019-03-05_13:39:10 - :lektorstudenten!lektorstudenten@lektorstudenten.tmi.twitch.tv PRIVMSG #castro_1021 :LUL

2019-03-05_13:39:10 - :bigjoe45!bigjoe45@bigjoe45.tmi.twitch.tv PRIVMSG #castro_1021 :LuL

2019-03-05_13:39:11 - :taha0059!taha0059@taha0059.tmi.twitch.tv PRIVMSG #castro_1021 :LUL LUL LUL

2019-03-05_13:39:11 - :marcus_3347!marcus_3347@marcus_3347.tmi.twitch.tv PRIVMSG #castro_1021 :messiahLOL

2019-03-05_13:39:11 - :castromyyyyman!castromyyyyman@castromyyyyman.tmi.twitch.tv PRIVMSG #castro_1021 :I’ll

2019-03-05_13:39:12 - :mathiasdk6!mathiasdk6@mathiasdk6.tmi.twitch.tv PRIVMSG #castro_1021 :twerkLUL twerkLUL twerkLUL twerkLUL twerkLUL

2019-03-05_13:39:12 - :jg_szn_!jg_szn_@jg_szn_.tmi.twitch.tv PRIVMSG #castro_1021 :LUL

2019-03-05_13:39:14 - :afikpint0!afikpint0@afikpint0.tmi.twitch.tv PRIVMSG #castro_1021 :lul

2019-03-05_13:39:15 - :calcov2003!calcov2003@calcov2003.tmi.twitch.tv PRIVMSG #castro_1021 :lul

2019-03-05_13:39:15 - :elbobitjo!elbobitjo@elbobitjo.tmi.twitch.tv PRIVMSG #castro_1021 :LUL

2019-03-05_13:39:16 - :castromyyyyman!castromyyyyman@castromyyyyman.tmi.twitch.tv PRIVMSG #castro_1021 :Lul

2019-03-05_13:39:17 - :doomking666!doomking666@doomking666.tmi.twitch.tv PRIVMSG #castro_1021 :yeeee

2019-03-05_13:39:18 - :yfn_player!yfn_player@yfn_player.tmi.twitch.tv PRIVMSG #castro_1021 :LUL LUL LUL

2019-03-05_13:39:19 - :starbux69!starbux69@starbux69.tmi.twitch.tv PRIVMSG #castro_1021 :CASTRO PLZ MOVE THE CAM

2019-03-05_13:39:19 - :realspicymon!realspicymon@realspicymon.tmi.twitch.tv PRIVMSG #castro_1021 :LUL LUL LUL

2019-03-05_13:39:20 - :jg_szn_!jg_szn_@jg_szn_.tmi.twitch.tv PRIVMSG #castro_1021 :LULULULULULULUL

2019-03-05_13:39:23 - :calcov2003!calcov2003@calcov2003.tmi.twitch.tv PRIVMSG #castro_1021 :twerkLul

2019-03-05_13:39:23 - :moobot!moobot@moobot.tmi.twitch.tv PRIVMSG #castro_1021 :Donate and tell me I'm fat : https://www.twitchalerts.com/donate/castro_1021

2019-03-05_13:39:24 - :mrmagicaleggs!mrmagicaleggs@mrmagicaleggs.tmi.twitch.tv PRIVMSG #castro_1021 :wheres the pool at

2019-03-05_13:39:31 - :pwessels!pwessels@pwessels.tmi.twitch.tv PRIVMSG #castro_1021 :fifa made fut draft pepega

2019-03-05_13:39:32 - :calcov2003!calcov2003@calcov2003.tmi.twitch.tv PRIVMSG #castro_1021 :PogChamp

2019-03-05_13:39:33 - :jackowacko833!jackowacko833@jackowacko833.tmi.twitch.tv PRIVMSG #castro_1021 :well be waiting for those 50,000 fifa points LUL

2019-03-05_13:39:33 - :franco_0513!franco_0513@franco_0513.tmi.twitch.tv PRIVMSG #castro_1021 :twerkLUL twerkLUL twerkLUL twerkLUL twerkLUL twerkLUL

2019-03-05_13:39:33 - :blackhammer2511!blackhammer2511@blackhammer2511.tmi.twitch.tv PRIVMSG #castro_1021 :!uptime

2019-03-05_13:39:34 - :moobot!moobot@moobot.tmi.twitch.tv PRIVMSG #castro_1021 :Castro Has Been Live For 1h 29m

2019-03-05_13:39:34 - :streamelements!streamelements@streamelements.tmi.twitch.tv PRIVMSG #castro_1021 :@BlackHammer2511, castro_1021 has been streaming for 1 hour 29 mins

2019-03-05_13:39:34 - :3mma!3mma@3mma.tmi.twitch.tv PRIVMSG #castro_1021 :Put pogba where zanetti is and then then zanetti and LCB

2019-03-05_13:39:34 - :niklas0007!niklas0007@niklas0007.tmi.twitch.tv PRIVMSG #castro_1021 :twerkOMEGA twerkOMEGA twerkOMEGA twerkOMEGA twerkOMEGA twerkOMEGA twerkOMEGA twerkOMEGA twerkOMEGA twerkOMEGA twerkOMEGA twerkOMEGA twerkOMEGA twerkOMEGA twerkOMEGA

2019-03-05_13:39:34 - :ethangroat!ethangroat@ethangroat.tmi.twitch.tv PRIVMSG #castro_1021 :Just restart the game pretty much monkaS

2019-03-05_13:39:37 - :friskypanda_562!friskypanda_562@friskypanda_562.tmi.twitch.tv PRIVMSG #castro_1021 :twerkY twerkY twerkY twerkY twerkY twerkY twerkY twerkY twerkY twerkY twerkY twerkY twerkY twerkY twerkY twerkY twerkY twerkY twerkY twerkY twerkY twerkY twerkY

2019-03-05_13:39:38 - :ethangroat!ethangroat@ethangroat.tmi.twitch.tv PRIVMSG #castro_1021 :oh okay :)

2019-03-05_13:39:38 - :lil_jcd!lil_jcd@lil_jcd.tmi.twitch.tv PRIVMSG #castro_1021 :Cam

2019-03-05_13:39:39 - :moctor_dark_lord!moctor_dark_lord@moctor_dark_lord.tmi.twitch.tv PRIVMSG #castro_1021 :he means dont have both accounts on at once

2019-03-05_13:39:39 - :dropping_flames!dropping_flames@dropping_flames.tmi.twitch.tv PRIVMSG #castro_1021 :jebait

2019-03-05_13:39:40 - :mickey1!mickey1@mickey1.tmi.twitch.tv PRIVMSG #castro_1021 :M O V E. C A M. F F S

2019-03-05_13:39:41 - :murraybagg123!murraybagg123@murraybagg123.tmi.twitch.tv PRIVMSG #castro_1021 :ps4

2019-03-05_13:39:41 - :germanhigh!germanhigh@germanhigh.tmi.twitch.tv PRIVMSG #castro_1021 :twerkFail twerkFail twerkFail twerkFail

2019-03-05_13:39:45 - :harryjpearson9!harryjpearson9@harryjpearson9.tmi.twitch.tv PRIVMSG #castro_1021 :MOVE THE CAMERA

2019-03-05_13:39:46 - :tim_the_titman!tim_the_titman@tim_the_titman.tmi.twitch.tv PRIVMSG #castro_1021 :EA EMPLOYEE

2019-03-05_13:39:46 - :blackhammer2511!blackhammer2511@blackhammer2511.tmi.twitch.tv PRIVMSG #castro_1021 :has he done 194 yet chat????

2019-03-05_13:39:49 - :moobot!moobot@moobot.tmi.twitch.tv PRIVMSG #castro_1021 :Thank you for subbing, trofilis twerkLove twerkLove twerkLove!!! Enjoy this emote: twerkChoke

2019-03-05_13:39:50 - :xxfloxx911!xxfloxx911@xxfloxx911.tmi.twitch.tv PRIVMSG #castro_1021 :restart fut birthday

2019-03-05_13:39:51 - :mrmagicaleggs!mrmagicaleggs@mrmagicaleggs.tmi.twitch.tv PRIVMSG #castro_1021 :dont give them the W

2019-03-05_13:39:58 - :youngethanfox!youngethanfox@youngethanfox.tmi.twitch.tv PRIVMSG #castro_1021 :Lads

2019-03-05_13:39:58 - :moobot!moobot@moobot.tmi.twitch.tv PRIVMSG #castro_1021 :SUBSCRIBE YOU GOAT! http://www.twitch.tv/castro_1021/subscribe?ref=below_video_subscribe_button twerkGoat

2019-03-05_13:40:08 - :3mma!3mma@3mma.tmi.twitch.tv PRIVMSG #castro_1021 :If it won’t let you buy Fifa points go on the Microsoft store

2019-03-05_13:40:14 - :friskypanda_562!friskypanda_562@friskypanda_562.tmi.twitch.tv PRIVMSG #castro_1021 :Aguilas Kappa Kappa Kappa

2019-03-05_13:40:17 - :mansvexed!mansvexed@mansvexed.tmi.twitch.tv PRIVMSG #castro_1021 :do it

2019-03-05_13:40:22 - :jackowacko833!jackowacko833@jackowacko833.tmi.twitch.tv PRIVMSG #castro_1021 :@Castro_1021 you blew a 95 lead

2019-03-05_13:40:23 - :oualidd!oualidd@oualidd.tmi.twitch.tv PRIVMSG #castro_1021 :loooool

2019-03-05_13:40:24 - :ethangroat!ethangroat@ethangroat.tmi.twitch.tv PRIVMSG #castro_1021 :LUL

2019-03-05_13:40:24 - :moobot!moobot@moobot.tmi.twitch.tv PRIVMSG #castro_1021 :SUBSCRIBE TO THE YOUTUBE CHANNEL!!: https://www.youtube.com/watch?v=JR-TGtby1To

2019-03-05_13:40:24 - :ethangroat!ethangroat@ethangroat.tmi.twitch.tv PRIVMSG #castro_1021 :LUL

2019-03-05_13:40:25 - :ethangroat!ethangroat@ethangroat.tmi.twitch.tv PRIVMSG #castro_1021 :LUL

2019-03-05_13:40:26 - :waggers!waggers@waggers.tmi.twitch.tv PRIVMSG #castro_1021 :haha

2019-03-05_13:40:28 - :togood!togood@togood.tmi.twitch.tv PRIVMSG #castro_1021 :LUK

2019-03-05_13:40:30 - :togood!togood@togood.tmi.twitch.tv PRIVMSG #castro_1021 :LUL

2019-03-05_13:40:31 - :jackowacko833!jackowacko833@jackowacko833.tmi.twitch.tv PRIVMSG #castro_1021 :play it out

2019-03-05_13:40:32 - :monchenjiners!monchenjiners@monchenjiners.tmi.twitch.tv PRIVMSG #castro_1021 :twerkLUL

2019-03-05_13:40:33 - :oualidd!oualidd@oualidd.tmi.twitch.tv PRIVMSG #castro_1021 :LOOOOOOOOO

2019-03-05_13:40:33 - :ethangroat!ethangroat@ethangroat.tmi.twitch.tv PRIVMSG #castro_1021 :HAHAHAHAHAHAHA

2019-03-05_13:40:34 - :oualidd!oualidd@oualidd.tmi.twitch.tv PRIVMSG #castro_1021 :LOOOL

2019-03-05_13:40:37 - :mickey1!mickey1@mickey1.tmi.twitch.tv PRIVMSG #castro_1021 :Hahahahahah

2019-03-05_13:40:37 - :east_ego_!east_ego_@east_ego_.tmi.twitch.tv PRIVMSG #castro_1021 :LOOOOL

2019-03-05_13:40:38 - :iamcamachoo!iamcamachoo@iamcamachoo.tmi.twitch.tv PRIVMSG #castro_1021 :@friskypanda_562 whats wrong w America cmonBruh

2019-03-05_13:40:38 - :sefah!sefah@sefah.tmi.twitch.tv PRIVMSG #castro_1021 :lol

2019-03-05_13:40:38 - :calcov2003!calcov2003@calcov2003.tmi.twitch.tv PRIVMSG #castro_1021 :HAHAHAHAHAHHA

2019-03-05_13:40:39 - :benj31!benj31@benj31.tmi.twitch.tv PRIVMSG #castro_1021 ::D :D :D :D :D

2019-03-05_13:40:39 - :oualidd!oualidd@oualidd.tmi.twitch.tv PRIVMSG #castro_1021 :AI BLOCK LMFAOOOOOO

2019-03-05_13:40:40 - :zabbourino!zabbourino@zabbourino.tmi.twitch.tv PRIVMSG #castro_1021 :nah

2019-03-05_13:40:40 - :mrmagicaleggs!mrmagicaleggs@mrmagicaleggs.tmi.twitch.tv PRIVMSG #castro_1021 :nooo

2019-03-05_13:40:42 - :pcoutinho42!pcoutinho42@pcoutinho42.tmi.twitch.tv PRIVMSG #castro_1021 :BOTS

2019-03-05_13:40:42 - :djtrappedout!djtrappedout@djtrappedout.tmi.twitch.tv PRIVMSG #castro_1021 :lmaoo

2019-03-05_13:40:43 - :zabbourino!zabbourino@zabbourino.tmi.twitch.tv PRIVMSG #castro_1021 :win

2019-03-05_13:40:44 - :mansvexed!mansvexed@mansvexed.tmi.twitch.tv PRIVMSG #castro_1021 :LUL LUL LUL LUL

2019-03-05_13:40:44 - :pcoutinho42!pcoutinho42@pcoutinho42.tmi.twitch.tv PRIVMSG #castro_1021 :lol

2019-03-05_13:40:45 - :conor_h_17!conor_h_17@conor_h_17.tmi.twitch.tv PRIVMSG #castro_1021 :looool noooooobs

2019-03-05_13:40:46 - :joshb21!joshb21@joshb21.tmi.twitch.tv PRIVMSG #castro_1021 :LMAOO

2019-03-05_13:40:47 - :mickey1!mickey1@mickey1.tmi.twitch.tv PRIVMSG #castro_1021 :Hahahahhahahahahahahahhaha

2019-03-05_13:40:48 - :oualidd!oualidd@oualidd.tmi.twitch.tv PRIVMSG #castro_1021 :AI DEFENCE LUL

2019-03-05_13:40:49 - :ethangroat!ethangroat@ethangroat.tmi.twitch.tv PRIVMSG #castro_1021 :FINALLYYYY

2019-03-05_13:40:50 - :prophet9_!prophet9_@prophet9_.tmi.twitch.tv PRIVMSG #castro_1021 :this guy is turd

2019-03-05_13:40:55 - :gamingguru02!gamingguru02@gamingguru02.tmi.twitch.tv PRIVMSG #castro_1021 :LMAOOOOO

2019-03-05_13:40:57 - :mansvexed!mansvexed@mansvexed.tmi.twitch.tv PRIVMSG #castro_1021 :give it to them

2019-03-05_13:40:59 - :jelleh2005!jelleh2005@jelleh2005.tmi.twitch.tv PRIVMSG #castro_1021 :How can you be soooo bad LUL

2019-03-05_13:41:00 - :moobot!moobot@moobot.tmi.twitch.tv PRIVMSG #castro_1021 :SUBSCRIBE YOU GOAT! http://www.twitch.tv/castro_1021/subscribe?ref=below_video_subscribe_button twerkGoat

2019-03-05_13:41:00 - :trofilis!trofilis@trofilis.tmi.twitch.tv PRIVMSG #castro_1021 :HELLO THERE

2019-03-05_13:41:00 - :cowboyfitz!cowboyfitz@cowboyfitz.tmi.twitch.tv PRIVMSG #castro_1021 :MOVE THE CAM

2019-03-05_13:41:02 - :mrmagicaleggs!mrmagicaleggs@mrmagicaleggs.tmi.twitch.tv PRIVMSG #castro_1021 :LUL LUL

2019-03-05_13:41:04 - :youngethanfox!youngethanfox@youngethanfox.tmi.twitch.tv PRIVMSG #castro_1021 :Oof

2019-03-05_13:41:09 - :coull100!coull100@coull100.tmi.twitch.tv PRIVMSG #castro_1021 :MOVE CAM

2019-03-05_13:41:11 - :mickey1!mickey1@mickey1.tmi.twitch.tv PRIVMSG #castro_1021 :LUL LUL LUL LUL

2019-03-05_13:41:15 - :iamcamachoo!iamcamachoo@iamcamachoo.tmi.twitch.tv PRIVMSG #castro_1021 :america cscgHY

2019-03-05_13:41:18 - :tealm04!tealm04@tealm04.tmi.twitch.tv PRIVMSG #castro_1021 :Move the cam

2019-03-05_13:41:19 - :youngethanfox!youngethanfox@youngethanfox.tmi.twitch.tv PRIVMSG #castro_1021 :Move cam

2019-03-05_13:41:21 - :mickey1!mickey1@mickey1.tmi.twitch.tv PRIVMSG #castro_1021 :MOVE CAM

2019-03-05_13:41:22 - :b4condude240!b4condude240@b4condude240.tmi.twitch.tv PRIVMSG #castro_1021 :twerkGoat

2019-03-05_13:41:23 - :pancioretty!pancioretty@pancioretty.tmi.twitch.tv PRIVMSG #castro_1021 :MOVE CAM

2019-03-05_13:41:25 - :coull100!coull100@coull100.tmi.twitch.tv PRIVMSG #castro_1021 :Move cam

2019-03-05_13:41:25 - :moobot!moobot@moobot.tmi.twitch.tv PRIVMSG #castro_1021 :“CASTRO” FOR 10% OFF ON GFUEL! twerkCup https://bit.ly/2nd7Pqq Castro’s Favorites: https://bit.ly/2PV5myM twerkCup

2019-03-05_13:41:25 - :lewis2006hilton!lewis2006hilton@lewis2006hilton.tmi.twitch.tv PRIVMSG #castro_1021 :move cam

2019-03-05_13:41:25 - :mrmagicaleggs!mrmagicaleggs@mrmagicaleggs.tmi.twitch.tv PRIVMSG #castro_1021 :CAAAAM

2019-03-05_13:41:26 - :ifergy!ifergy@ifergy.tmi.twitch.tv PRIVMSG #castro_1021 :Sike

2019-03-05_13:41:29 - :mickey1!mickey1@mickey1.tmi.twitch.tv PRIVMSG #castro_1021 :Never reads chat

2019-03-05_13:41:29 - :pcoutinho42!pcoutinho42@pcoutinho42.tmi.twitch.tv PRIVMSG #castro_1021 :cammmmmmmmmmmmm

2019-03-05_13:41:29 - :pancioretty!pancioretty@pancioretty.tmi.twitch.tv PRIVMSG #castro_1021 :CAM

2019-03-05_13:41:31 - :castroislowkeyfat!castroislowkeyfat@castroislowkeyfat.tmi.twitch.tv PRIVMSG #castro_1021 :FATTTY move cam

2019-03-05_13:41:31 - :mcfcjacob174!mcfcjacob174@mcfcjacob174.tmi.twitch.tv PRIVMSG #castro_1021 :Caaaaam

2019-03-05_13:41:32 - :zoobzzz!zoobzzz@zoobzzz.tmi.twitch.tv PRIVMSG #castro_1021 :Pog

2019-03-05_13:41:33 - :cowboyfitz!cowboyfitz@cowboyfitz.tmi.twitch.tv PRIVMSG #castro_1021 :MOVE CAMERA

2019-03-05_13:41:36 - :ethangroat!ethangroat@ethangroat.tmi.twitch.tv PRIVMSG #castro_1021 :GULLIT Pog

2019-03-05_13:41:36 - :panos345!panos345@panos345.tmi.twitch.tv PRIVMSG #castro_1021 :Kappa

2019-03-05_13:41:37 - :ethangroat!ethangroat@ethangroat.tmi.twitch.tv PRIVMSG #castro_1021 :Pog

2019-03-05_13:41:38 - :pcoutinho42!pcoutinho42@pcoutinho42.tmi.twitch.tv PRIVMSG #castro_1021 :CAM

2019-03-05_13:41:39 - :spurs9802!spurs9802@spurs9802.tmi.twitch.tv PRIVMSG #castro_1021 :RUUUUUUUD

2019-03-05_13:41:40 - :super_chanka!super_chanka@super_chanka.tmi.twitch.tv PRIVMSG #castro_1021 :cam

2019-03-05_13:41:41 - :stephmonster!stephmonster@stephmonster.tmi.twitch.tv PRIVMSG #castro_1021 :pogggg

2019-03-05_13:41:41 - :loveklatt!loveklatt@loveklatt.tmi.twitch.tv PRIVMSG #castro_1021 :pog

2019-03-05_13:41:41 - :sefah!sefah@sefah.tmi.twitch.tv PRIVMSG #castro_1021 :cam ...

2019-03-05_13:41:41 - :mrmagicaleggs!mrmagicaleggs@mrmagicaleggs.tmi.twitch.tv PRIVMSG #castro_1021 :CAMARA

2019-03-05_13:41:42 - :asn21!asn21@asn21.tmi.twitch.tv PRIVMSG #castro_1021 :poggg

2019-03-05_13:41:43 - :ibzi_!ibzi_@ibzi_.tmi.twitch.tv PRIVMSG #castro_1021 :RESERVES @Castro_1021

2019-03-05_13:41:43 - :ethangroat!ethangroat@ethangroat.tmi.twitch.tv PRIVMSG #castro_1021 :damnnnn

2019-03-05_13:41:43 - :gamingguru02!gamingguru02@gamingguru02.tmi.twitch.tv PRIVMSG #castro_1021 :pog

2019-03-05_13:41:43 - :stephmonster!stephmonster@stephmonster.tmi.twitch.tv PRIVMSG #castro_1021 :poggg

2019-03-05_13:41:43 - :vl44d_!vl44d_@vl44d_.tmi.twitch.tv PRIVMSG #castro_1021 :camera

2019-03-05_13:41:44 - :coull100!coull100@coull100.tmi.twitch.tv PRIVMSG #castro_1021 :Move the cam

2019-03-05_13:41:44 - :wizophyper!wizophyper@wizophyper.tmi.twitch.tv PRIVMSG #castro_1021 :Tescooooooo

2019-03-05_13:41:44 - :mcfcjacob174!mcfcjacob174@mcfcjacob174.tmi.twitch.tv PRIVMSG #castro_1021 :Poggg

2019-03-05_13:41:45 - :crankiey!crankiey@crankiey.tmi.twitch.tv PRIVMSG #castro_1021 :I believe it’ll happen

2019-03-05_13:41:45 - :captainnevnev!captainnevnev@captainnevnev.tmi.twitch.tv PRIVMSG #castro_1021 :DONT JINX IT

2019-03-05_13:41:45 - :youngethanfox!youngethanfox@youngethanfox.tmi.twitch.tv PRIVMSG #castro_1021 :Pog

2019-03-05_13:41:46 - :iamcamachoo!iamcamachoo@iamcamachoo.tmi.twitch.tv PRIVMSG #castro_1021 :he’s not gonna move the cam you fucks

2019-03-05_13:41:46 - :pcoutinho42!pcoutinho42@pcoutinho42.tmi.twitch.tv PRIVMSG #castro_1021 :MOVE UYUR CAM

2019-03-05_13:41:46 - :bryancleanzz!bryancleanzz@bryancleanzz.tmi.twitch.tv PRIVMSG #castro_1021 :liverpool curse :)

2019-03-05_13:41:46 - :peterll17!peterll17@peterll17.tmi.twitch.tv PRIVMSG #castro_1021 :camera

2019-03-05_13:41:47 - :elbobitjo!elbobitjo@elbobitjo.tmi.twitch.tv PRIVMSG #castro_1021 :twerkPOGGERS twerkPOGGERS twerkPOGGERS

2019-03-05_13:41:47 - :pancioretty!pancioretty@pancioretty.tmi.twitch.tv PRIVMSG #castro_1021 :CAM PLEASE

2019-03-05_13:41:48 - :bwhitzky!bwhitzky@bwhitzky.tmi.twitch.tv PRIVMSG #castro_1021 :salah

2019-03-05_13:41:48 - :mansvexed!mansvexed@mansvexed.tmi.twitch.tv PRIVMSG #castro_1021 :pog

2019-03-05_13:41:51 - :lewis2006hilton!lewis2006hilton@lewis2006hilton.tmi.twitch.tv PRIVMSG #castro_1021 :move camera

2019-03-05_13:41:52 - :philipp_699!philipp_699@philipp_699.tmi.twitch.tv PRIVMSG #castro_1021 :cmon

2019-03-05_13:41:52 - :harrypokere!harrypokere@harrypokere.tmi.twitch.tv PRIVMSG #castro_1021 :this aint it

2019-03-05_13:41:53 - :mrmagicaleggs!mrmagicaleggs@mrmagicaleggs.tmi.twitch.tv PRIVMSG #castro_1021 :TESCOOOOOOOOOOOOOOOOOO

2019-03-05_13:41:54 - :millerdave21!millerdave21@millerdave21.tmi.twitch.tv PRIVMSG #castro_1021 :Camera

2019-03-05_13:41:55 - :crankiey!crankiey@crankiey.tmi.twitch.tv PRIVMSG #castro_1021 :Ayyyy

2019-03-05_13:41:55 - :asn21!asn21@asn21.tmi.twitch.tv PRIVMSG #castro_1021 :take salah lulz

2019-03-05_13:41:56 - :youngethanfox!youngethanfox@youngethanfox.tmi.twitch.tv PRIVMSG #castro_1021 :169

2019-03-05_13:41:56 - :castanheira01!castanheira01@castanheira01.tmi.twitch.tv PRIVMSG #castro_1021 :eusebio inc

2019-03-05_13:41:58 - :realspicymon!realspicymon@realspicymon.tmi.twitch.tv PRIVMSG #castro_1021 :twerkYAY

2019-03-05_13:42:00 - :erick000016!erick000016@erick000016.tmi.twitch.tv PRIVMSG #castro_1021 :cam

2019-03-05_13:42:00 - :3mma!3mma@3mma.tmi.twitch.tv PRIVMSG #castro_1021 :Aldi

2019-03-05_13:42:00 - :moobot!moobot@moobot.tmi.twitch.tv PRIVMSG #castro_1021 :SUBSCRIBE YOU GOAT! http://www.twitch.tv/castro_1021/subscribe?ref=below_video_subscribe_button twerkGoat

2019-03-05_13:42:01 - :nepalizlatan!nepalizlatan@nepalizlatan.tmi.twitch.tv PRIVMSG #castro_1021 :Move the camera fatty

2019-03-05_13:42:01 - :danscardie!danscardie@danscardie.tmi.twitch.tv PRIVMSG #castro_1021 :move cam pls PepeHands

2019-03-05_13:42:02 - :coull100!coull100@coull100.tmi.twitch.tv PRIVMSG #castro_1021 :Cam

2019-03-05_13:42:02 - :ibzi_!ibzi_@ibzi_.tmi.twitch.tv PRIVMSG #castro_1021 :RESERVES

2019-03-05_13:42:03 - :mikelitoriss69!mikelitoriss69@mikelitoriss69.tmi.twitch.tv PRIVMSG #castro_1021 :camera

2019-03-05_13:42:03 - :spurs9802!spurs9802@spurs9802.tmi.twitch.tv PRIVMSG #castro_1021 :CAM

2019-03-05_13:42:04 - :iamcamachoo!iamcamachoo@iamcamachoo.tmi.twitch.tv PRIVMSG #castro_1021 :every time you post you choke

2019-03-05_13:42:05 - :pk2dota!pk2dota@pk2dota.tmi.twitch.tv PRIVMSG #castro_1021 :im calling 3 silvers

2019-03-05_13:42:05 - :erick000016!erick000016@erick000016.tmi.twitch.tv PRIVMSG #castro_1021 :camera

2019-03-05_13:42:06 - :jackowacko833!jackowacko833@jackowacko833.tmi.twitch.tv PRIVMSG #castro_1021 :cam

2019-03-05_13:42:07 - :super_chanka!super_chanka@super_chanka.tmi.twitch.tv PRIVMSG #castro_1021 :@peterll17 i luv uuu <3 <3

2019-03-05_13:42:07 - :simon_lionshield_17!simon_lionshield_17@simon_lionshield_17.tmi.twitch.tv PRIVMSG #castro_1021 :tcstarGlad

2019-03-05_13:42:08 - :muhtada_bayern28!muhtada_bayern28@muhtada_bayern28.tmi.twitch.tv PRIVMSG #castro_1021 :please move your cammmm

2019-03-05_13:42:09 - :iamcamachoo!iamcamachoo@iamcamachoo.tmi.twitch.tv PRIVMSG #castro_1021 :twerkFail

2019-03-05_13:42:09 - :erick000016!erick000016@erick000016.tmi.twitch.tv PRIVMSG #castro_1021 :move

2019-03-05_13:42:11 - :coull100!coull100@coull100.tmi.twitch.tv PRIVMSG #castro_1021 :Move cam

2019-03-05_13:42:11 - :sangui99!sangui99@sangui99.tmi.twitch.tv PRIVMSG #castro_1021 :how many times has he tweeted that LUL

2019-03-05_13:42:12 - :coffee_dick!coffee_dick@coffee_dick.tmi.twitch.tv PRIVMSG #castro_1021 :Nice

2019-03-05_13:42:14 - :erick000016!erick000016@erick000016.tmi.twitch.tv PRIVMSG #castro_1021 :Camm

2019-03-05_13:42:17 - :cartmail1992!cartmail1992@cartmail1992.tmi.twitch.tv PRIVMSG #castro_1021 :move camera castro

2019-03-05_13:42:17 - :streamelements!streamelements@streamelements.tmi.twitch.tv PRIVMSG #castro_1021 :ACTION Castro just posted a new tweet: "THIS ONE IS IT!!!! https://t.co/B0EoIb4MVd https://t.co/vV1MSg2qG3" - @Castro1021

2019-03-05_13:42:17 - :ernart!ernart@ernart.tmi.twitch.tv PRIVMSG #castro_1021 :2 positions is the most important thing with gullit

2019-03-05_13:42:18 - :jesus_g0502!jesus_g0502@jesus_g0502.tmi.twitch.tv PRIVMSG #castro_1021 :You saw salad you almost shitted your pants

2019-03-05_13:42:20 - :mickey1!mickey1@mickey1.tmi.twitch.tv PRIVMSG #castro_1021 :Move cam and start with reserves

2019-03-05_13:42:22 - :lewis2006hilton!lewis2006hilton@lewis2006hilton.tmi.twitch.tv PRIVMSG #castro_1021 :move cam

2019-03-05_13:42:24 - :sooolah!sooolah@sooolah.tmi.twitch.tv PRIVMSG #castro_1021 :gullit

2019-03-05_13:42:25 - :abner_thenewcr7!abner_thenewcr7@abner_thenewcr7.tmi.twitch.tv PRIVMSG #castro_1021 :Move da fukin cam

2019-03-05_13:42:25 - :mrmagicaleggs!mrmagicaleggs@mrmagicaleggs.tmi.twitch.tv PRIVMSG #castro_1021 :LUL LUL CAM LUL LUL

2019-03-05_13:42:25 - :moobot!moobot@moobot.tmi.twitch.tv PRIVMSG #castro_1021 :CHEAP MSP/PSN CARDS & PC GAMES - https://www.g2a.com/r/castro1021 and USE 'CASTRO' for CASHBACK!

2019-03-05_13:42:27 - :kenwhc!kenwhc@kenwhc.tmi.twitch.tv PRIVMSG #castro_1021 :CAM

2019-03-05_13:42:27 - :elwellontwitch!elwellontwitch@elwellontwitch.tmi.twitch.tv PRIVMSG #castro_1021 :move cam where exactly?

2019-03-05_13:42:29 - :vl44d_!vl44d_@vl44d_.tmi.twitch.tv PRIVMSG #castro_1021 :Camera bottom right

2019-03-05_13:42:29 - :suh_mu!suh_mu@suh_mu.tmi.twitch.tv PRIVMSG #castro_1021 :hullit

2019-03-05_13:42:29 - :cowboyfitz!cowboyfitz@cowboyfitz.tmi.twitch.tv PRIVMSG #castro_1021 :@Castro_1021 CAMERA NEEDS TO MOVE

2019-03-05_13:42:30 - :castroisfatkappa1337!castroisfatkappa1337@castroisfatkappa1337.tmi.twitch.tv PRIVMSG #castro_1021 :Hi twerkLove

2019-03-05_13:42:30 - :savi0007!savi0007@savi0007.tmi.twitch.tv PRIVMSG #castro_1021 :switch to draft cam

2019-03-05_13:42:31 - :erick000016!erick000016@erick000016.tmi.twitch.tv PRIVMSG #castro_1021 :CAM

2019-03-05_13:42:31 - :joseri!joseri@joseri.tmi.twitch.tv PRIVMSG #castro_1021 :w

2019-03-05_13:42:33 - :ctewart96!ctewart96@ctewart96.tmi.twitch.tv PRIVMSG #castro_1021 :stop jinxing it

2019-03-05_13:42:37 - :loyalm8!loyalm8@loyalm8.tmi.twitch.tv PRIVMSG #castro_1021 :bro move the cam, how hard van it be lol

2019-03-05_13:42:41 - :coull100!coull100@coull100.tmi.twitch.tv PRIVMSG #castro_1021 :Draft cam

2019-03-05_13:42:42 - :mvtk!mvtk@mvtk.tmi.twitch.tv PRIVMSG #castro_1021 :MOVE CUM MY LITTLE PART TIME STREAMER

2019-03-05_13:42:44 - :savi0007!savi0007@savi0007.tmi.twitch.tv PRIVMSG #castro_1021 :DRAFT CAM

2019-03-05_13:42:44 - :waggers!waggers@waggers.tmi.twitch.tv PRIVMSG #castro_1021 :move camera

2019-03-05_13:42:44 - :ibunga!ibunga@ibunga.tmi.twitch.tv PRIVMSG #castro_1021 :peyetyet?

2019-03-05_13:42:45 - :callum_bm!callum_bm@callum_bm.tmi.twitch.tv PRIVMSG #castro_1021 :bronze payet

2019-03-05_13:42:47 - :erick000016!erick000016@erick000016.tmi.twitch.tv PRIVMSG #castro_1021 :can

2019-03-05_13:42:51 - :loyalm8!loyalm8@loyalm8.tmi.twitch.tv PRIVMSG #castro_1021 :HE EVEN SAID CAM

2019-03-05_13:42:53 - :coull100!coull100@coull100.tmi.twitch.tv PRIVMSG #castro_1021 :Move cam

2019-03-05_13:42:54 - :lewis2006hilton!lewis2006hilton@lewis2006hilton.tmi.twitch.tv PRIVMSG #castro_1021 :move cam fatty

2019-03-05_13:42:54 - :loyalm8!loyalm8@loyalm8.tmi.twitch.tv PRIVMSG #castro_1021 :this dude

2019-03-05_13:42:55 - :mrmagicaleggs!mrmagicaleggs@mrmagicaleggs.tmi.twitch.tv PRIVMSG #castro_1021 :DEPAYET

2019-03-05_13:42:55 - :coniac8!coniac8@coniac8.tmi.twitch.tv PRIVMSG #castro_1021 :cheer100 cheer100 cheer100 one seventy four incoming

2019-03-05_13:42:56 - :peterll17!peterll17@peterll17.tmi.twitch.tv PRIVMSG #castro_1021 :sssssssssssssssssssssssssssssss

2019-03-05_13:42:57 - :loyalm8!loyalm8@loyalm8.tmi.twitch.tv PRIVMSG #castro_1021 :is so fat

2019-03-05_13:42:57 - :sangui99!sangui99@sangui99.tmi.twitch.tv PRIVMSG #castro_1021 :Seedorf CDM I don't know about that

2019-03-05_13:42:58 - :byaphroe!byaphroe@byaphroe.tmi.twitch.tv PRIVMSG #castro_1021 :snake

2019-03-05_13:42:59 - :erick000016!erick000016@erick000016.tmi.twitch.tv PRIVMSG #castro_1021 :cam*

2019-03-05_13:42:59 - :pcoutinho42!pcoutinho42@pcoutinho42.tmi.twitch.tv PRIVMSG #castro_1021 :MOVE THE CAMMMMMMMMERA

2019-03-05_13:43:04 - :muhtada_bayern28!muhtada_bayern28@muhtada_bayern28.tmi.twitch.tv PRIVMSG #castro_1021 :whay payet with portugal flag

2019-03-05_13:43:05 - :moobot!moobot@moobot.tmi.twitch.tv PRIVMSG #castro_1021 :SUBSCRIBE YOU GOAT! http://www.twitch.tv/castro_1021/subscribe?ref=below_video_subscribe_button twerkGoat

2019-03-05_13:43:07 - :adolopez895!adolopez895@adolopez895.tmi.twitch.tv PRIVMSG #castro_1021 :camera

2019-03-05_13:43:10 - :my_mom_has_18_inch!my_mom_has_18_inch@my_mom_has_18_inch.tmi.twitch.tv PRIVMSG #castro_1021 :he prob just crosses to henry new meta LUL

2019-03-05_13:43:14 - :ibzi_!ibzi_@ibzi_.tmi.twitch.tv PRIVMSG #castro_1021 :RESERVES @Castro_1021

2019-03-05_13:43:16 - :jarock906!jarock906@jarock906.tmi.twitch.tv PRIVMSG #castro_1021 :move camera

2019-03-05_13:43:16 - :pancioretty!pancioretty@pancioretty.tmi.twitch.tv PRIVMSG #castro_1021 :camera

2019-03-05_13:43:17 - :erick000016!erick000016@erick000016.tmi.twitch.tv PRIVMSG #castro_1021 :CAMERA

2019-03-05_13:43:17 - :pcoutinho42!pcoutinho42@pcoutinho42.tmi.twitch.tv PRIVMSG #castro_1021 :CAM

2019-03-05_13:43:18 - :jesus_g0502!jesus_g0502@jesus_g0502.tmi.twitch.tv PRIVMSG #castro_1021 :You saw Salah you almost shitted your pants

2019-03-05_13:43:18 - :pcoutinho42!pcoutinho42@pcoutinho42.tmi.twitch.tv PRIVMSG #castro_1021 :#CAM

2019-03-05_13:43:19 - :savi0007!savi0007@savi0007.tmi.twitch.tv PRIVMSG #castro_1021 :this is atleast 192

2019-03-05_13:43:20 - :coull100!coull100@coull100.tmi.twitch.tv PRIVMSG #castro_1021 :Ok, move the cam

2019-03-05_13:43:20 - :mibacs!mibacs@mibacs.tmi.twitch.tv PRIVMSG #castro_1021 :MOVE THE CAM FATTY

2019-03-05_13:43:21 - :lewis2006hilton!lewis2006hilton@lewis2006hilton.tmi.twitch.tv PRIVMSG #castro_1021 :move cameraa

2019-03-05_13:43:22 - :cowboyfitz!cowboyfitz@cowboyfitz.tmi.twitch.tv PRIVMSG #castro_1021 :CAMERA

2019-03-05_13:44:40 - :tmi.twitch.tv 001 deweybat :Welcome, GLHF!
:tmi.twitch.tv 002 deweybat :Your host is tmi.twitch.tv
:tmi.twitch.tv 003 deweybat :This server is rather new
:tmi.twitch.tv 004 deweybat :-
:tmi.twitch.tv 375 deweybat :-
:tmi.twitch.tv 372 deweybat :You are in a maze of twisty passages, all alike.
:tmi.twitch.tv 376 deweybat :>

2019-03-05_13:44:40 - :deweybat!deweybat@deweybat.tmi.twitch.tv JOIN #castro_1021
:deweybat.tmi.twitch.tv 353 deweybat = #castro_1021 :deweybat
:deweybat.tmi.twitch.tv 366 deweybat #castro_1021 :End of /NAMES list

2019-03-05_13:44:40 - :loyalm8!loyalm8@loyalm8.tmi.twitch.tv PRIVMSG #castro_1021 :MOVE THE CAM FFS

2019-03-05_13:44:40 - :minimaster956!minimaster956@minimaster956.tmi.twitch.tv PRIVMSG #castro_1021 :twerkToxic twerkToxic twerkToxic twerkToxic twerkToxic twerkToxic twerkToxic twerkToxic twerkToxic twerkToxic twerkToxic twerkToxic twerkToxic twerkToxic twerkToxic twerkToxic twerkToxic twerkToxic twerkToxic twerkToxic twerkToxic twerkToxic

2019-03-05_13:44:41 - :squeakydeacy!squeakydeacy@squeakydeacy.tmi.twitch.tv PRIVMSG #castro_1021 :pog

2019-03-05_13:44:42 - :slither_in!slither_in@slither_in.tmi.twitch.tv PRIVMSG #castro_1021 :GAME ON

2019-03-05_13:44:44 - :coull100!coull100@coull100.tmi.twitch.tv PRIVMSG #castro_1021 :Move the cam

2019-03-05_13:44:46 - :ibunga!ibunga@ibunga.tmi.twitch.tv PRIVMSG #castro_1021 :tHeY diD SoMeThinG

2019-03-05_13:44:46 - :tiddiesaregreat!tiddiesaregreat@tiddiesaregreat.tmi.twitch.tv PRIVMSG #castro_1021 :Delete the tweet bro...

2019-03-05_13:44:51 - :finessevv!finessevv@finessevv.tmi.twitch.tv PRIVMSG #castro_1021 :twerkPray twerkPray

2019-03-05_13:44:52 - :savi0007!savi0007@savi0007.tmi.twitch.tv PRIVMSG #castro_1021 :twerkCheeks

2019-03-05_13:44:53 - :lewis2006hilton!lewis2006hilton@lewis2006hilton.tmi.twitch.tv PRIVMSG #castro_1021 :move the camera

2019-03-05_13:44:54 - :mrmagicaleggs!mrmagicaleggs@mrmagicaleggs.tmi.twitch.tv PRIVMSG #castro_1021 :tubaK

2019-03-05_13:44:55 - :gamingguru02!gamingguru02@gamingguru02.tmi.twitch.tv PRIVMSG #castro_1021 :@castro_1021 cam pls

2019-03-05_13:44:56 - :razzah_!razzah_@razzah_.tmi.twitch.tv PRIVMSG #castro_1021 :its dead

2019-03-05_13:44:57 - :oswalex!oswalex@oswalex.tmi.twitch.tv PRIVMSG #castro_1021 :Move cam

2019-03-05_13:44:59 - :oddslice!oddslice@oddslice.tmi.twitch.tv PRIVMSG #castro_1021 :LIVERPOOL CURSE

2019-03-05_13:45:00 - :sinestium!sinestium@sinestium.tmi.twitch.tv PRIVMSG #castro_1021 :liverpool player tho

2019-03-05_13:45:01 - :pancioretty!pancioretty@pancioretty.tmi.twitch.tv PRIVMSG #castro_1021 :move cam

2019-03-05_13:45:01 - :armundertaker!armundertaker@armundertaker.tmi.twitch.tv PRIVMSG #castro_1021 :CURSEEEEEE

2019-03-05_13:45:01 - :coull100!coull100@coull100.tmi.twitch.tv PRIVMSG #castro_1021 :Get cam moved

2019-03-05_13:45:01 - :ger_t7!ger_t7@ger_t7.tmi.twitch.tv PRIVMSG #castro_1021 :liverpool curse

2019-03-05_13:45:02 - :waggers!waggers@waggers.tmi.twitch.tv PRIVMSG #castro_1021 :liverpool curse

2019-03-05_13:45:02 - :erick000016!erick000016@erick000016.tmi.twitch.tv PRIVMSG #castro_1021 :CAMERAAAAAAAAAAAAAAAA

2019-03-05_13:45:03 - :vaagaen!vaagaen@vaagaen.tmi.twitch.tv PRIVMSG #castro_1021 :liverpool curse

2019-03-05_13:45:03 - :lil_jcd!lil_jcd@lil_jcd.tmi.twitch.tv PRIVMSG #castro_1021 :LIVERSHITE

2019-03-05_13:45:04 - :03kar!03kar@03kar.tmi.twitch.tv PRIVMSG #castro_1021 :zanetti

2019-03-05_13:45:04 - :shockbelike!shockbelike@shockbelike.tmi.twitch.tv PRIVMSG #castro_1021 :liverpool curse

2019-03-05_13:45:04 - :ethangroat!ethangroat@ethangroat.tmi.twitch.tv PRIVMSG #castro_1021 :Maldini twerkPray

2019-03-05_13:45:04 - :jackowacko833!jackowacko833@jackowacko833.tmi.twitch.tv PRIVMSG #castro_1021 :you cant

2019-03-05_13:45:04 - :panos345!panos345@panos345.tmi.twitch.tv PRIVMSG #castro_1021 :LIVERPOOR CURSE

2019-03-05_13:45:06 - :xthedowniie!xthedowniie@xthedowniie.tmi.twitch.tv PRIVMSG #castro_1021 :shitterpool

2019-03-05_13:45:07 - :captainnevnev!captainnevnev@captainnevnev.tmi.twitch.tv PRIVMSG #castro_1021 :vvd incoming

2019-03-05_13:45:07 - :moobot!moobot@moobot.tmi.twitch.tv PRIVMSG #castro_1021 :SUBSCRIBE YOU GOAT! http://www.twitch.tv/castro_1021/subscribe?ref=below_video_subscribe_button twerkGoat

2019-03-05_13:45:07 - :shzclub!shzclub@shzclub.tmi.twitch.tv PRIVMSG #castro_1021 :now its dead

2019-03-05_13:45:08 - :bigjoe45!bigjoe45@bigjoe45.tmi.twitch.tv PRIVMSG #castro_1021 :It’s not what?

2019-03-05_13:45:11 - :mrmagicaleggs!mrmagicaleggs@mrmagicaleggs.tmi.twitch.tv PRIVMSG #castro_1021 :LIVERPOOL CURSE HAS BEGUN

2019-03-05_13:45:11 - :vaagaen!vaagaen@vaagaen.tmi.twitch.tv PRIVMSG #castro_1021 :curse

2019-03-05_13:45:13 - :baggers1!baggers1@baggers1.tmi.twitch.tv PRIVMSG #castro_1021 :Liverpool Curse

2019-03-05_13:45:14 - :kieran811cfc!kieran811cfc@kieran811cfc.tmi.twitch.tv PRIVMSG #castro_1021 :Liverpool

2019-03-05_13:45:14 - :ifergy!ifergy@ifergy.tmi.twitch.tv PRIVMSG #castro_1021 :Cursed

2019-03-05_13:45:14 - :bootiegod!bootiegod@bootiegod.tmi.twitch.tv PRIVMSG #castro_1021 :LIVERPOOL CURSE

2019-03-05_13:45:15 - :ethangroat!ethangroat@ethangroat.tmi.twitch.tv PRIVMSG #castro_1021 :Moore PogU

2019-03-05_13:45:16 - :crooster7!crooster7@crooster7.tmi.twitch.tv PRIVMSG #castro_1021 :Zanetti 92

2019-03-05_13:45:17 - :ireaperx_!ireaperx_@ireaperx_.tmi.twitch.tv PRIVMSG #castro_1021 :liverpool CURSE

2019-03-05_13:45:17 - :cowboyfitz!cowboyfitz@cowboyfitz.tmi.twitch.tv PRIVMSG #castro_1021 :MOVE YOUR CAMERA

2019-03-05_13:45:17 - :mikelitoriss69!mikelitoriss69@mikelitoriss69.tmi.twitch.tv PRIVMSG #castro_1021 :its actually triggering to watch without seeing rating or chemistry lol

2019-03-05_14:00:08 - :tmi.twitch.tv 001 deweybat :Welcome, GLHF!
:tmi.twitch.tv 002 deweybat :Your host is tmi.twitch.tv
:tmi.twitch.tv 003 deweybat :This server is rather new
:tmi.twitch.tv 004 deweybat :-
:tmi.twitch.tv 375 deweybat :-
:tmi.twitch.tv 372 deweybat :You are in a maze of twisty passages, all alike.
:tmi.twitch.tv 376 deweybat :>

2019-03-05_14:00:08 - :deweybat!deweybat@deweybat.tmi.twitch.tv JOIN #castro_1021
:deweybat.tmi.twitch.tv 353 deweybat = #castro_1021 :deweybat
:deweybat.tmi.twitch.tv 366 deweybat #castro_1021 :End of /NAMES list

2019-03-05_14:00:13 - :rynoldinho!rynoldinho@rynoldinho.tmi.twitch.tv PRIVMSG #castro_1021 :hi valar twerkLove

2019-03-05_14:00:16 - :im_uphu!im_uphu@im_uphu.tmi.twitch.tv PRIVMSG #castro_1021 :WHOEVER DID A PHOTOSHOP JOB THAT ITS TRASH THERE IS A TOTY DE GEA THEN ON THE BENCH THERE IS A GOLD DE GEA PULL UP THE PHOTO

2019-03-05_14:00:21 - :gamingguru02!gamingguru02@gamingguru02.tmi.twitch.tv PRIVMSG #castro_1021 :GL

2019-03-05_14:00:22 - :moobot!moobot@moobot.tmi.twitch.tv PRIVMSG #castro_1021 :SUBSCRIBE YOU GOAT! http://www.twitch.tv/castro_1021/subscribe?ref=below_video_subscribe_button twerkGoat

2019-03-05_14:00:22 - :iamzammm!iamzammm@iamzammm.tmi.twitch.tv PRIVMSG #castro_1021 :good luck fatty

2019-03-05_14:00:23 - :naz_b_04!naz_b_04@naz_b_04.tmi.twitch.tv PRIVMSG #castro_1021 :ur a failure

2019-03-05_14:00:24 - :johnpee!johnpee@johnpee.tmi.twitch.tv PRIVMSG #castro_1021 :oh we do believe me

2019-03-05_14:00:24 - :vini_santoss!vini_santoss@vini_santoss.tmi.twitch.tv PRIVMSG #castro_1021 :GENKI DAMA CHAT

2019-03-05_14:00:24 - :togood!togood@togood.tmi.twitch.tv PRIVMSG #castro_1021 :yes i do

2019-03-05_14:00:25 - :kirrch!kirrch@kirrch.tmi.twitch.tv PRIVMSG #castro_1021 :do a few drafts on PS4

2019-03-05_14:00:25 - :notapaathy!notapaathy@notapaathy.tmi.twitch.tv PRIVMSG #castro_1021 :YH I DO

2019-03-05_14:00:25 - :themech7!themech7@themech7.tmi.twitch.tv PRIVMSG #castro_1021 :yes

2019-03-05_14:00:26 - :mansvexed!mansvexed@mansvexed.tmi.twitch.tv PRIVMSG #castro_1021 :yh

2019-03-05_14:00:26 - :stunellx11!stunellx11@stunellx11.tmi.twitch.tv PRIVMSG #castro_1021 :I DO

2019-03-05_14:00:27 - :oualidd!oualidd@oualidd.tmi.twitch.tv PRIVMSG #castro_1021 :yes

