2019-03-26_12:16:45 - :tmi.twitch.tv 001 deweybat :Welcome, GLHF!
:tmi.twitch.tv 002 deweybat :Your host is tmi.twitch.tv
:tmi.twitch.tv 003 deweybat :This server is rather new
:tmi.twitch.tv 004 deweybat :-
:tmi.twitch.tv 375 deweybat :-
:tmi.twitch.tv 372 deweybat :You are in a maze of twisty passages, all alike.
:tmi.twitch.tv 376 deweybat :>

2019-03-26_12:16:45 - :deweybat!deweybat@deweybat.tmi.twitch.tv JOIN #naomi
:deweybat.tmi.twitch.tv 353 deweybat = #naomi :deweybat
:deweybat.tmi.twitch.tv 366 deweybat #naomi :End of /NAMES list

2019-03-26_12:17:05 - :chrisyankeeintx!chrisyankeeintx@chrisyankeeintx.tmi.twitch.tv PRIVMSG #naomi :naeLOVE naeMUNZ naeTY naeLOVE naeMUNZ naeTY

2019-03-26_12:17:11 - :schpreck!schpreck@schpreck.tmi.twitch.tv PRIVMSG #naomi :naeLOVE naeLOVE naeLOVE

2019-03-26_12:17:21 - :chrisyankeeintx!chrisyankeeintx@chrisyankeeintx.tmi.twitch.tv PRIVMSG #naomi :naeLUL

2019-03-26_12:17:23 - :pytecolty!pytecolty@pytecolty.tmi.twitch.tv PRIVMSG #naomi ::)

2019-03-26_12:18:04 - :arklain!arklain@arklain.tmi.twitch.tv PRIVMSG #naomi :nope

2019-03-26_12:18:05 - :chrisyankeeintx!chrisyankeeintx@chrisyankeeintx.tmi.twitch.tv PRIVMSG #naomi :naeLOVE naeHYPE naeAW naeBUTT naeTY naeP naeLOVE naeHYPE naeAW naeBUTT naeTY naeP naeLOVE naeHYPE naeAW naeBUTT naeTY naeP naeLOVE naeHYPE naeAW naeBUTT naeTY naeP naeLOVE naeHYPE naeAW naeBUTT naeTY naeP naeLOVE

2019-03-26_12:18:09 - :schpreck!schpreck@schpreck.tmi.twitch.tv PRIVMSG #naomi :hai Arklain

2019-03-26_12:18:15 - :schpreck!schpreck@schpreck.tmi.twitch.tv PRIVMSG #naomi :naeMUNZ

2019-03-26_12:18:19 - :pytecolty!pytecolty@pytecolty.tmi.twitch.tv PRIVMSG #naomi :Oh thank you!! I appreciate!

2019-03-26_12:18:32 - :schpreck!schpreck@schpreck.tmi.twitch.tv PRIVMSG #naomi :np buddy :)

2019-03-26_12:19:03 - :chrisyankeeintx!chrisyankeeintx@chrisyankeeintx.tmi.twitch.tv PRIVMSG #naomi :naeLOVE naeHYPE naeAW naeBUTT naeTY naeP naeLOVE naeHYPE naeAW naeBUTT naeTY naeP naeLOVE naeHYPE naeAW naeBUTT naeTY naeP naeLOVE naeHYPE naeAW naeBUTT naeTY naeP naeLOVE naeHYPE naeAW naeBUTT naeTY naeP naeLOVE

2019-03-26_12:19:04 - :moobot!moobot@moobot.tmi.twitch.tv PRIVMSG #naomi :20 second eye strain break! naeLOVE 20/20/20

2019-03-26_12:19:08 - :schpreck!schpreck@schpreck.tmi.twitch.tv PRIVMSG #naomi :naeSUN naeSUN naeSUN

2019-03-26_12:19:33 - :schpreck!schpreck@schpreck.tmi.twitch.tv PRIVMSG #naomi :Gotta share the love :D

2019-03-26_12:20:39 - :gavola1877!gavola1877@gavola1877.tmi.twitch.tv PRIVMSG #naomi :I haven't played stardew in so long

2019-03-26_12:20:51 - :chrisyankeeintx!chrisyankeeintx@chrisyankeeintx.tmi.twitch.tv PRIVMSG #naomi :non-sweet things chest now....this is getting complicated

2019-03-26_12:21:15 - :chrisyankeeintx!chrisyankeeintx@chrisyankeeintx.tmi.twitch.tv PRIVMSG #naomi :naeLUL

2019-03-26_12:21:24 - :schpreck!schpreck@schpreck.tmi.twitch.tv PRIVMSG #naomi :Last time i played it was May 3oth on a friends birthday naeS

2019-03-26_12:21:24 - :chrisyankeeintx!chrisyankeeintx@chrisyankeeintx.tmi.twitch.tv PRIVMSG #naomi :yes

2019-03-26_12:21:39 - :gomlb!gomlb@gomlb.tmi.twitch.tv PRIVMSG #naomi :The legendary question

2019-03-26_12:22:37 - :chrisyankeeintx!chrisyankeeintx@chrisyankeeintx.tmi.twitch.tv PRIVMSG #naomi :level up naeGASM

2019-03-26_12:23:33 - :schpreck!schpreck@schpreck.tmi.twitch.tv PRIVMSG #naomi :You have gotten so much done since i went to bed yesterday :O

2019-03-26_12:23:59 - :schpreck!schpreck@schpreck.tmi.twitch.tv PRIVMSG #naomi :And upgraded your house

2019-03-26_12:24:38 - :matt_thomas!matt_thomas@matt_thomas.tmi.twitch.tv PRIVMSG #naomi :ACTION Welcome pugowar! Welcome to the Tato Team! naeBUTT

2019-03-26_12:24:39 - :chrisyankeeintx!chrisyankeeintx@chrisyankeeintx.tmi.twitch.tv PRIVMSG #naomi ::pumpkin:

2019-03-26_12:24:43 - :chrisyankeeintx!chrisyankeeintx@chrisyankeeintx.tmi.twitch.tv PRIVMSG #naomi :naeFEELS

2019-03-26_12:24:47 - :chrisyankeeintx!chrisyankeeintx@chrisyankeeintx.tmi.twitch.tv PRIVMSG #naomi :naeLOVE naeHYPE naeAW naeBUTT naeTY naeP naeLOVE naeHYPE naeAW naeBUTT naeTY naeP naeLOVE naeHYPE naeAW naeBUTT naeTY naeP naeLOVE naeHYPE naeAW naeBUTT naeTY naeP naeLOVE naeHYPE naeAW naeBUTT naeTY naeP naeLOVE

2019-03-26_12:24:47 - :schpreck!schpreck@schpreck.tmi.twitch.tv PRIVMSG #naomi :naeFOX naeFOX naeFOX naeFOX naeFOX

2019-03-26_12:25:09 - :bleepbloop96!bleepbloop96@bleepbloop96.tmi.twitch.tv PRIVMSG #naomi :watching this makes me feel bad at the game

2019-03-26_12:25:45 - :lone_wolf234!lone_wolf234@lone_wolf234.tmi.twitch.tv PRIVMSG #naomi :which map is this? the beach one?

2019-03-26_12:25:45 - :chrisyankeeintx!chrisyankeeintx@chrisyankeeintx.tmi.twitch.tv PRIVMSG #naomi ::jack-o-lantern:

2019-03-26_12:25:53 - :schpreck!schpreck@schpreck.tmi.twitch.tv PRIVMSG #naomi :naeOLD

2019-03-26_12:26:53 - :lone_wolf234!lone_wolf234@lone_wolf234.tmi.twitch.tv PRIVMSG #naomi :ohh. I can't moved on from the original one

2019-03-26_12:28:10 - :chrisyankeeintx!chrisyankeeintx@chrisyankeeintx.tmi.twitch.tv PRIVMSG #naomi :naePLS :ear_of_corn:

2019-03-26_12:31:03 - :chrisyankeeintx!chrisyankeeintx@chrisyankeeintx.tmi.twitch.tv PRIVMSG #naomi :let Namoi mine in peace ghosts and bats and slimes naeCRY

2019-03-26_12:31:03 - :moobot!moobot@moobot.tmi.twitch.tv PRIVMSG #naomi :Hey naeFOX If you're enjoying the stream, be sure to hit that follow button naeLOVE Slowly but surely making our way to the 100K DREAM naeHYPE

2019-03-26_12:32:25 - :chrisyankeeintx!chrisyankeeintx@chrisyankeeintx.tmi.twitch.tv PRIVMSG #naomi :whoa!

2019-03-26_12:34:20 - :hugu44!hugu44@hugu44.tmi.twitch.tv PRIVMSG #naomi :watch out you dont die again

2019-03-26_12:34:24 - :chrisyankeeintx!chrisyankeeintx@chrisyankeeintx.tmi.twitch.tv PRIVMSG #naomi :naeBLESS

2019-03-26_12:35:55 - :chrisyankeeintx!chrisyankeeintx@chrisyankeeintx.tmi.twitch.tv PRIVMSG #naomi :eat da corn

2019-03-26_12:36:39 - :schpreck!schpreck@schpreck.tmi.twitch.tv PRIVMSG #naomi :but tasty

2019-03-26_12:36:40 - :pugowar!pugowar@pugowar.tmi.twitch.tv PRIVMSG #naomi :naomi you are the BEST thanks for streaming!

2019-03-26_12:37:04 - :schpreck!schpreck@schpreck.tmi.twitch.tv PRIVMSG #naomi :naeLOVE

2019-03-26_12:37:20 - :chrisyankeeintx!chrisyankeeintx@chrisyankeeintx.tmi.twitch.tv PRIVMSG #naomi :naeLUL

2019-03-26_12:39:05 - :chrisyankeeintx!chrisyankeeintx@chrisyankeeintx.tmi.twitch.tv PRIVMSG #naomi :those furnaces are contributing to global warming naeFEELS

2019-03-26_12:39:07 - :moobot!moobot@moobot.tmi.twitch.tv PRIVMSG #naomi :20 second eye strain break! naeLOVE 20/20/20

2019-03-26_12:39:39 - :chrisyankeeintx!chrisyankeeintx@chrisyankeeintx.tmi.twitch.tv PRIVMSG #naomi :20 second eye strain breaks are suspended for the duration of Stardew Valley naeW

2019-03-26_12:41:31 - :pugowar!pugowar@pugowar.tmi.twitch.tv PRIVMSG #naomi :cvhristmas music LOL

2019-03-26_12:41:46 - :chrisyankeeintx!chrisyankeeintx@chrisyankeeintx.tmi.twitch.tv PRIVMSG #naomi :bless thee

2019-03-26_12:41:55 - :schpreck!schpreck@schpreck.tmi.twitch.tv PRIVMSG #naomi :blesseth thine face

2019-03-26_12:42:21 - :gerbalalex!gerbalalex@gerbalalex.tmi.twitch.tv PRIVMSG #naomi :just stopping by to say you have gorgeous :eyes::red_heart::smiling_face_with_heart-eyes:

2019-03-26_12:42:42 - :gerbalalex!gerbalalex@gerbalalex.tmi.twitch.tv PRIVMSG #naomi :cincinHi cincinLove

2019-03-26_12:43:02 - :gerbalalex!gerbalalex@gerbalalex.tmi.twitch.tv PRIVMSG #naomi :gorgeous eyes I meant

2019-03-26_12:43:05 - :schpreck!schpreck@schpreck.tmi.twitch.tv PRIVMSG #naomi :Staring globes are nice to have

2019-03-26_12:43:28 - :gerbalalex!gerbalalex@gerbalalex.tmi.twitch.tv PRIVMSG #naomi :cincinLUL

2019-03-26_12:43:47 - :feelsdarkman!feelsdarkman@feelsdarkman.tmi.twitch.tv PRIVMSG #naomi :<3

2019-03-26_12:44:02 - :feelsdarkman!feelsdarkman@feelsdarkman.tmi.twitch.tv PRIVMSG #naomi :heyo - good and yourself?

2019-03-26_12:44:27 - :matt_thomas!matt_thomas@matt_thomas.tmi.twitch.tv PRIVMSG #naomi :ACTION Welcome back ichibadass for 7 months !! Thanks for supporting the Tato Team! naeLOVE

2019-03-26_12:44:31 - :chrisyankeeintx!chrisyankeeintx@chrisyankeeintx.tmi.twitch.tv PRIVMSG #naomi :naeLOVE naeHYPE naeAW naeBUTT naeTY naeP naeLOVE naeHYPE naeAW naeBUTT naeTY naeP naeLOVE naeHYPE naeAW naeBUTT naeTY naeP naeLOVE naeHYPE naeAW naeBUTT naeTY naeP naeLOVE naeHYPE naeAW naeBUTT naeTY naeP naeLOVE

2019-03-26_12:44:40 - :schpreck!schpreck@schpreck.tmi.twitch.tv PRIVMSG #naomi :naeFOX naeFOX naeFOX naeFOX naeFOX

2019-03-26_12:44:42 - :ichibadass!ichibadass@ichibadass.tmi.twitch.tv PRIVMSG #naomi :naeAW

2019-03-26_12:44:45 - :gerbalalex!gerbalalex@gerbalalex.tmi.twitch.tv PRIVMSG #naomi :cincinHype cincinHype cincinHype cincinHype cincinHype cincinHype cincinHype cincinHype cincinHype cincinHype cincinHype cincinH cincinH cincinH cincinH cincinH cincinH

2019-03-26_12:44:58 - :ichibadass!ichibadass@ichibadass.tmi.twitch.tv PRIVMSG #naomi :Yeah! but I forgot the one....

2019-03-26_12:45:19 - :ichibadass!ichibadass@ichibadass.tmi.twitch.tv PRIVMSG #naomi :ichiBless

2019-03-26_12:45:33 - :ichibadass!ichibadass@ichibadass.tmi.twitch.tv PRIVMSG #naomi :Aha, maybe

2019-03-26_12:45:35 - :ichibadass!ichibadass@ichibadass.tmi.twitch.tv PRIVMSG #naomi :Don't like it? D:

2019-03-26_12:46:15 - :gerbalalex!gerbalalex@gerbalalex.tmi.twitch.tv PRIVMSG #naomi :BTW your the first streamer to actually say my name right on the first try cincinLUL

2019-03-26_12:46:22 - :chrisyankeeintx!chrisyankeeintx@chrisyankeeintx.tmi.twitch.tv PRIVMSG #naomi :Clap

2019-03-26_12:46:35 - :ichibadass!ichibadass@ichibadass.tmi.twitch.tv PRIVMSG #naomi :I've been definitely loving the color naeAW

2019-03-26_12:47:04 - :schpreck!schpreck@schpreck.tmi.twitch.tv PRIVMSG #naomi :You have never said my name wrong, most do :D

2019-03-26_12:47:15 - :gerbalalex!gerbalalex@gerbalalex.tmi.twitch.tv PRIVMSG #naomi :cincinThink cincinShrug cincinLUL

2019-03-26_12:47:30 - :pugowar!pugowar@pugowar.tmi.twitch.tv PRIVMSG #naomi :tatos rule plaintains drool

2019-03-26_12:47:31 - :schpreck!schpreck@schpreck.tmi.twitch.tv PRIVMSG #naomi :I have no idea, most of them skip the P

2019-03-26_12:47:40 - :chrisyankeeintx!chrisyankeeintx@chrisyankeeintx.tmi.twitch.tv PRIVMSG #naomi :naeS

2019-03-26_12:47:42 - :gerbalalex!gerbalalex@gerbalalex.tmi.twitch.tv PRIVMSG #naomi :they just do

2019-03-26_12:48:12 - :the_vile_duck!the_vile_duck@the_vile_duck.tmi.twitch.tv PRIVMSG #naomi :what is this game about?

2019-03-26_12:49:00 - :bootyjuicejenkins!bootyjuicejenkins@bootyjuicejenkins.tmi.twitch.tv PRIVMSG #naomi :Nay-Nay PogChamp

2019-03-26_12:49:03 - :chrisyankeeintx!chrisyankeeintx@chrisyankeeintx.tmi.twitch.tv PRIVMSG #naomi :so violent..."get at these trees"...kill the trees ismEVIL

2019-03-26_12:49:16 - :chrisyankeeintx!chrisyankeeintx@chrisyankeeintx.tmi.twitch.tv PRIVMSG #naomi :those trees are safe from you

2019-03-26_12:49:31 - :bootyjuicejenkins!bootyjuicejenkins@bootyjuicejenkins.tmi.twitch.tv PRIVMSG #naomi :I am fiiiiiine, how are youuu.

2019-03-26_12:49:51 - :bootyjuicejenkins!bootyjuicejenkins@bootyjuicejenkins.tmi.twitch.tv PRIVMSG #naomi :@ChrisYankeeInTX For now.

2019-03-26_12:50:46 - :bootyjuicejenkins!bootyjuicejenkins@bootyjuicejenkins.tmi.twitch.tv PRIVMSG #naomi :That's good to hear, a good life sounds pleasant

2019-03-26_12:50:47 - :bootyjuicejenkins!bootyjuicejenkins@bootyjuicejenkins.tmi.twitch.tv PRIVMSG #naomi :Kappa

2019-03-26_12:50:50 - :chrisyankeeintx!chrisyankeeintx@chrisyankeeintx.tmi.twitch.tv PRIVMSG #naomi ::evergreen_tree:

2019-03-26_12:50:54 - :veyldnb!veyldnb@veyldnb.tmi.twitch.tv PRIVMSG #naomi :They should show some sad squirrels everytime you chop down a tree.

2019-03-26_12:51:14 - :gerbalalex!gerbalalex@gerbalalex.tmi.twitch.tv PRIVMSG #naomi :well enjoy your stream and thank you @geminiassault cincinLove for retweeting her stream

2019-03-26_12:51:16 - :chrisyankeeintx!chrisyankeeintx@chrisyankeeintx.tmi.twitch.tv PRIVMSG #naomi :or a bird's nest getting crushed naeCRY

2019-03-26_12:51:33 - :veyldnb!veyldnb@veyldnb.tmi.twitch.tv PRIVMSG #naomi :It would add a whole new level of morality to the game!

2019-03-26_12:51:38 - :pugowar!pugowar@pugowar.tmi.twitch.tv PRIVMSG #naomi :what about the souls of the poor rocks

2019-03-26_12:51:39 - :bloodgod405!bloodgod405@bloodgod405.tmi.twitch.tv PRIVMSG #naomi :i see youve been loving this game! glad i got back from my 29 hour shift in time to watch some!

2019-03-26_12:52:09 - :rskeith!rskeith@rskeith.tmi.twitch.tv PRIVMSG #naomi :yes faster ;)

2019-03-26_12:53:57 - :vanl0g!vanl0g@vanl0g.tmi.twitch.tv PRIVMSG #naomi :hi VoHiYo

2019-03-26_12:54:13 - :chrisyankeeintx!chrisyankeeintx@chrisyankeeintx.tmi.twitch.tv PRIVMSG #naomi :yep

