2019-03-26_12:56:33 - :tmi.twitch.tv 001 deweybat :Welcome, GLHF!
:tmi.twitch.tv 002 deweybat :Your host is tmi.twitch.tv
:tmi.twitch.tv 003 deweybat :This server is rather new
:tmi.twitch.tv 004 deweybat :-
:tmi.twitch.tv 375 deweybat :-
:tmi.twitch.tv 372 deweybat :You are in a maze of twisty passages, all alike.
:tmi.twitch.tv 376 deweybat :>

2019-03-26_12:56:33 - :deweybat!deweybat@deweybat.tmi.twitch.tv JOIN #fextralife
:deweybat.tmi.twitch.tv 353 deweybat = #fextralife :deweybat
:deweybat.tmi.twitch.tv 366 deweybat #fextralife :End of /NAMES list

2019-03-26_12:56:33 - :lovefury!lovefury@lovefury.tmi.twitch.tv PRIVMSG #fextralife :This fight is an endurance too, takes like 15 minutes per attempt

2019-03-26_12:56:35 - :monzyfonzy!monzyfonzy@monzyfonzy.tmi.twitch.tv PRIVMSG #fextralife :nice

2019-03-26_12:56:36 - :alexoaguia!alexoaguia@alexoaguia.tmi.twitch.tv PRIVMSG #fextralife :Pog +5 hours of stream

2019-03-26_12:56:37 - :zephyrav3!zephyrav3@zephyrav3.tmi.twitch.tv PRIVMSG #fextralife :I couldn't get through the 2nd phase of Isshin literally for 3 hours, what a piece of sshh

2019-03-26_12:56:46 - :mimikyudesuu!mimikyudesuu@mimikyudesuu.tmi.twitch.tv PRIVMSG #fextralife :alright strap in bois were gonna be seeing this same fight for the next few hours

2019-03-26_12:57:14 - :zephyrav3!zephyrav3@zephyrav3.tmi.twitch.tv PRIVMSG #fextralife :You have 5 Warmups its okay LUL

2019-03-26_12:57:21 - :celestialbeeing!celestialbeeing@celestialbeeing.tmi.twitch.tv PRIVMSG #fextralife :1 hp bar for the final boss?

2019-03-26_12:57:22 - :dmonblu!dmonblu@dmonblu.tmi.twitch.tv PRIVMSG #fextralife :Well Im off to sleep then

2019-03-26_12:57:24 - :acupsmatter!acupsmatter@acupsmatter.tmi.twitch.tv PRIVMSG #fextralife :it defiantly is no fun tbh i didn't know giving up kuro charm would make it where you have to perfect counter but i'm determined to finish it with the 2d Owl fight

2019-03-26_12:57:27 - :dmonblu!dmonblu@dmonblu.tmi.twitch.tv PRIVMSG #fextralife :Gotta work tomorrow

2019-03-26_12:57:33 - :acupsmatter!acupsmatter@acupsmatter.tmi.twitch.tv PRIVMSG #fextralife :makes the game a little more fun imo

2019-03-26_12:57:38 - :simistrous!simistrous@simistrous.tmi.twitch.tv PRIVMSG #fextralife :ofc it's first phase

2019-03-26_12:57:47 - :th3s!th3s@th3s.tmi.twitch.tv PRIVMSG #fextralife :Old man Coming LUL

2019-03-26_12:57:54 - :zephyrav3!zephyrav3@zephyrav3.tmi.twitch.tv PRIVMSG #fextralife :More like 4 Hp bars LUL

2019-03-26_12:58:00 - :bunnyy_z!bunnyy_z@bunnyy_z.tmi.twitch.tv PRIVMSG #fextralife :do you feel any difference in difficulty doing NG+ ?

2019-03-26_12:58:02 - :mikerewald!mikerewald@mikerewald.tmi.twitch.tv PRIVMSG #fextralife :does the gourd healing scale with health?

2019-03-26_12:58:05 - :duffypride55!duffypride55@duffypride55.tmi.twitch.tv PRIVMSG #fextralife :Isshin monkaS

2019-03-26_12:58:16 - :69tipsea!69tipsea@69tipsea.tmi.twitch.tv PRIVMSG #fextralife :!uptime

2019-03-26_12:58:17 - :nightbot!nightbot@nightbot.tmi.twitch.tv PRIVMSG #fextralife ::video_game: !uptime Stream uptime: 4 hours 23 minutes 11 seconds

2019-03-26_12:58:25 - :thebitingirish!thebitingirish@thebitingirish.tmi.twitch.tv PRIVMSG #fextralife :Schwa

2019-03-26_12:58:31 - :xdcrystal!xdcrystal@xdcrystal.tmi.twitch.tv PRIVMSG #fextralife :WutFace WutFace WutFace

2019-03-26_12:58:34 - :yolodium_thestoryofbutt!yolodium_thestoryofbutt@yolodium_thestoryofbutt.tmi.twitch.tv PRIVMSG #fextralife :Omae wa Shindeiru

2019-03-26_12:58:48 - :lyexer!lyexer@lyexer.tmi.twitch.tv PRIVMSG #fextralife :Have you already played the bad ending?

2019-03-26_12:58:57 - :zephyrav3!zephyrav3@zephyrav3.tmi.twitch.tv PRIVMSG #fextralife :@mikerewald There are upgrades for it, the gourd heals for a certain amount, it doesn't scale with health

2019-03-26_12:59:01 - :xdcrystal!xdcrystal@xdcrystal.tmi.twitch.tv PRIVMSG #fextralife :those arms are so skinny yet isshin can swing a sword like that lmfao

2019-03-26_12:59:03 - :dayliqht16!dayliqht16@dayliqht16.tmi.twitch.tv PRIVMSG #fextralife :this bossfight is so cool :D

2019-03-26_12:59:09 - :neutralcontrol!neutralcontrol@neutralcontrol.tmi.twitch.tv PRIVMSG #fextralife :ive been meaning to get this game is it fun chat

2019-03-26_12:59:17 - :thebitingirish!thebitingirish@thebitingirish.tmi.twitch.tv PRIVMSG #fextralife :Omae Wa Mou Shinde- D:

